2016-11-08 12:11:14.882+0000 INFO  [o.n.k.i.f.CommunityFacadeFactory] No locking implementation specified, defaulting to 'community'
2016-11-08 12:11:14.964+0000 INFO  [o.n.k.AvailabilityGuard] Requirement makes database unavailable: Database available
2016-11-08 12:11:14.986+0000 INFO  [o.n.k.i.DiagnosticsManager] --- INITIALIZED diagnostics START ---
2016-11-08 12:11:14.986+0000 INFO  [o.n.k.i.DiagnosticsManager] Neo4j Kernel properties:
2016-11-08 12:11:14.987+0000 INFO  [o.n.k.i.DiagnosticsManager] dbms.connector.http.enabled=true
2016-11-08 12:11:14.987+0000 INFO  [o.n.k.i.DiagnosticsManager] dbms.security.auth_enabled=false
2016-11-08 12:11:14.987+0000 INFO  [o.n.k.i.DiagnosticsManager] dbms.connector.bolt.type=BOLT
2016-11-08 12:11:14.987+0000 INFO  [o.n.k.i.DiagnosticsManager] unsupported.dbms.directories.neo4j_home=/Users/shun/RailsProjects/skill_test/db/neo4j/development
2016-11-08 12:11:14.987+0000 INFO  [o.n.k.i.DiagnosticsManager] dbms.directories.import=import
2016-11-08 12:11:14.987+0000 INFO  [o.n.k.i.DiagnosticsManager] dbms.connector.bolt.tls_level=OPTIONAL
2016-11-08 12:11:14.988+0000 INFO  [o.n.k.i.DiagnosticsManager] dbms.shell.enabled=true
2016-11-08 12:11:14.988+0000 INFO  [o.n.k.i.DiagnosticsManager] dbms.connector.https.address=localhost:7473
2016-11-08 12:11:14.988+0000 INFO  [o.n.k.i.DiagnosticsManager] dbms.connector.https.enabled=false
2016-11-08 12:11:14.988+0000 INFO  [o.n.k.i.DiagnosticsManager] dbms.connector.http.type=HTTP
2016-11-08 12:11:14.988+0000 INFO  [o.n.k.i.DiagnosticsManager] dbms.connector.https.encryption=TLS
2016-11-08 12:11:14.988+0000 INFO  [o.n.k.i.DiagnosticsManager] dbms.connector.https.type=HTTP
2016-11-08 12:11:14.989+0000 INFO  [o.n.k.i.DiagnosticsManager] unsupported.dbms.security.auth_store.location=data/dbms/auth
2016-11-08 12:11:14.989+0000 INFO  [o.n.k.i.DiagnosticsManager] unsupported.dbms.edition=community
2016-11-08 12:11:14.989+0000 INFO  [o.n.k.i.DiagnosticsManager] dbms.connector.bolt.address=localhost:7472
2016-11-08 12:11:14.989+0000 INFO  [o.n.k.i.DiagnosticsManager] dbms.connector.http.address=localhost:7474
2016-11-08 12:11:14.989+0000 INFO  [o.n.k.i.DiagnosticsManager] dbms.connector.bolt.enabled=true
2016-11-08 12:11:14.989+0000 INFO  [o.n.k.i.DiagnosticsManager] Diagnostics providers:
2016-11-08 12:11:14.989+0000 INFO  [o.n.k.i.DiagnosticsManager] org.neo4j.kernel.configuration.Config
2016-11-08 12:11:14.989+0000 INFO  [o.n.k.i.DiagnosticsManager] org.neo4j.kernel.info.DiagnosticsManager
2016-11-08 12:11:14.989+0000 INFO  [o.n.k.i.DiagnosticsManager] SYSTEM_MEMORY
2016-11-08 12:11:14.989+0000 INFO  [o.n.k.i.DiagnosticsManager] JAVA_MEMORY
2016-11-08 12:11:14.990+0000 INFO  [o.n.k.i.DiagnosticsManager] OPERATING_SYSTEM
2016-11-08 12:11:14.990+0000 INFO  [o.n.k.i.DiagnosticsManager] JAVA_VIRTUAL_MACHINE
2016-11-08 12:11:14.990+0000 INFO  [o.n.k.i.DiagnosticsManager] CLASSPATH
2016-11-08 12:11:14.990+0000 INFO  [o.n.k.i.DiagnosticsManager] LIBRARY_PATH
2016-11-08 12:11:14.990+0000 INFO  [o.n.k.i.DiagnosticsManager] SYSTEM_PROPERTIES
2016-11-08 12:11:14.990+0000 INFO  [o.n.k.i.DiagnosticsManager] NETWORK
2016-11-08 12:11:14.990+0000 INFO  [o.n.k.i.DiagnosticsManager] System memory information:
2016-11-08 12:11:14.992+0000 INFO  [o.n.k.i.DiagnosticsManager] Total Physical memory: 8.00 GB
2016-11-08 12:11:14.993+0000 INFO  [o.n.k.i.DiagnosticsManager] Free Physical memory: 675.37 MB
2016-11-08 12:11:14.993+0000 INFO  [o.n.k.i.DiagnosticsManager] Committed virtual memory: 5.80 GB
2016-11-08 12:11:14.994+0000 INFO  [o.n.k.i.DiagnosticsManager] Total swap space: 0.00 B
2016-11-08 12:11:14.994+0000 INFO  [o.n.k.i.DiagnosticsManager] Free swap space: 0.00 B
2016-11-08 12:11:14.994+0000 INFO  [o.n.k.i.DiagnosticsManager] JVM memory information:
2016-11-08 12:11:14.995+0000 INFO  [o.n.k.i.DiagnosticsManager] Free  memory: 86.82 MB
2016-11-08 12:11:14.995+0000 INFO  [o.n.k.i.DiagnosticsManager] Total memory: 128.00 MB
2016-11-08 12:11:14.995+0000 INFO  [o.n.k.i.DiagnosticsManager] Max   memory: 2.00 GB
2016-11-08 12:11:14.997+0000 INFO  [o.n.k.i.DiagnosticsManager] Garbage Collector: G1 Young Generation: [G1 Eden Space, G1 Survivor Space]
2016-11-08 12:11:14.997+0000 INFO  [o.n.k.i.DiagnosticsManager] Garbage Collector: G1 Old Generation: [G1 Eden Space, G1 Survivor Space, G1 Old Gen]
2016-11-08 12:11:14.998+0000 INFO  [o.n.k.i.DiagnosticsManager] Memory Pool: Code Cache (Non-heap memory): committed=3.50 MB, used=3.47 MB, max=240.00 MB, threshold=0.00 B
2016-11-08 12:11:14.999+0000 INFO  [o.n.k.i.DiagnosticsManager] Memory Pool: Metaspace (Non-heap memory): committed=10.75 MB, used=10.06 MB, max=-1.00 B, threshold=0.00 B
2016-11-08 12:11:14.999+0000 INFO  [o.n.k.i.DiagnosticsManager] Memory Pool: Compressed Class Space (Non-heap memory): committed=1.50 MB, used=1.29 MB, max=1.00 GB, threshold=0.00 B
2016-11-08 12:11:15.001+0000 INFO  [o.n.k.i.DiagnosticsManager] Memory Pool: G1 Eden Space (Heap memory): committed=51.00 MB, used=27.00 MB, max=-1.00 B, threshold=?
2016-11-08 12:11:15.002+0000 INFO  [o.n.k.i.DiagnosticsManager] Memory Pool: G1 Survivor Space (Heap memory): committed=3.00 MB, used=3.00 MB, max=-1.00 B, threshold=?
2016-11-08 12:11:15.002+0000 INFO  [o.n.k.i.DiagnosticsManager] Memory Pool: G1 Old Gen (Heap memory): committed=74.00 MB, used=10.18 MB, max=2.00 GB, threshold=0.00 B
2016-11-08 12:11:15.002+0000 INFO  [o.n.k.i.DiagnosticsManager] Operating system information:
2016-11-08 12:11:15.003+0000 INFO  [o.n.k.i.DiagnosticsManager] Operating System: Mac OS X; version: 10.11.5; arch: x86_64; cpus: 4
2016-11-08 12:11:15.004+0000 INFO  [o.n.k.i.DiagnosticsManager] Max number of file descriptors: 10240
2016-11-08 12:11:15.004+0000 INFO  [o.n.k.i.DiagnosticsManager] Number of open file descriptors: 90
2016-11-08 12:11:15.012+0000 INFO  [o.n.k.i.DiagnosticsManager] Process id: 5344@Shunsuke-no-MacBook-Air.local
2016-11-08 12:11:15.012+0000 INFO  [o.n.k.i.DiagnosticsManager] Byte order: LITTLE_ENDIAN
2016-11-08 12:11:15.012+0000 INFO  [o.n.k.i.DiagnosticsManager] Local timezone: Asia/Tokyo
2016-11-08 12:11:15.012+0000 INFO  [o.n.k.i.DiagnosticsManager] JVM information:
2016-11-08 12:11:15.012+0000 INFO  [o.n.k.i.DiagnosticsManager] VM Name: Java HotSpot(TM) 64-Bit Server VM
2016-11-08 12:11:15.012+0000 INFO  [o.n.k.i.DiagnosticsManager] VM Vendor: Oracle Corporation
2016-11-08 12:11:15.013+0000 INFO  [o.n.k.i.DiagnosticsManager] VM Version: 25.91-b14
2016-11-08 12:11:15.013+0000 INFO  [o.n.k.i.DiagnosticsManager] JIT compiler: HotSpot 64-Bit Tiered Compilers
2016-11-08 12:11:15.013+0000 INFO  [o.n.k.i.DiagnosticsManager] VM Arguments: [-XX:+UseG1GC, -XX:-OmitStackTraceInFastThrow, -XX:hashCode=5, -XX:+AlwaysPreTouch, -XX:+UnlockExperimentalVMOptions, -XX:+TrustFinalNonStaticFields, -XX:+DisableExplicitGC, -Djdk.tls.ephemeralDHKeySize=2048, -Dunsupported.dbms.udc.source=tarball, -Dfile.encoding=UTF-8]
2016-11-08 12:11:15.014+0000 INFO  [o.n.k.i.DiagnosticsManager] Java classpath:
2016-11-08 12:11:15.015+0000 INFO  [o.n.k.i.DiagnosticsManager]  [classpath + loader.0] file:/Users/shun/RailsProjects/skill_test/db/neo4j/development/lib/jersey-server-1.19.jar
2016-11-08 12:11:15.015+0000 INFO  [o.n.k.i.DiagnosticsManager]  [classpath + loader.0] file:/Users/shun/RailsProjects/skill_test/db/neo4j/development/lib/jackson-mapper-asl-1.9.13.jar
2016-11-08 12:11:15.016+0000 INFO  [o.n.k.i.DiagnosticsManager]  [bootstrap] /Library/Java/JavaVirtualMachines/jdk1.8.0_91.jdk/Contents/Home/jre/lib/charsets.jar
2016-11-08 12:11:15.016+0000 INFO  [o.n.k.i.DiagnosticsManager]  [classpath + loader.0] file:/Users/shun/RailsProjects/skill_test/db/neo4j/development/lib/server-api-3.0.7.jar
2016-11-08 12:11:15.016+0000 INFO  [o.n.k.i.DiagnosticsManager]  [classpath + loader.0] file:/Users/shun/RailsProjects/skill_test/db/neo4j/development/lib/jetty-servlet-9.2.9.v20150224.jar
2016-11-08 12:11:15.016+0000 INFO  [o.n.k.i.DiagnosticsManager]  [classpath + loader.0] file:/Users/shun/RailsProjects/skill_test/db/neo4j/development/lib/neo4j-bolt-3.0.7.jar
2016-11-08 12:11:15.016+0000 INFO  [o.n.k.i.DiagnosticsManager]  [classpath + loader.0] file:/Users/shun/RailsProjects/skill_test/db/neo4j/development/conf/
2016-11-08 12:11:15.016+0000 INFO  [o.n.k.i.DiagnosticsManager]  [classpath + loader.0] file:/Users/shun/RailsProjects/skill_test/db/neo4j/development/lib/jetty-xml-9.2.9.v20150224.jar
2016-11-08 12:11:15.016+0000 INFO  [o.n.k.i.DiagnosticsManager]  [classpath + loader.0] file:/Users/shun/RailsProjects/skill_test/db/neo4j/development/lib/commons-digester-2.1.jar
2016-11-08 12:11:15.016+0000 INFO  [o.n.k.i.DiagnosticsManager]  [classpath + loader.0] file:/Users/shun/RailsProjects/skill_test/db/neo4j/development/lib/jackson-core-asl-1.9.13.jar
2016-11-08 12:11:15.016+0000 INFO  [o.n.k.i.DiagnosticsManager]  [classpath + loader.0] file:/Users/shun/RailsProjects/skill_test/db/neo4j/development/lib/neo4j-resource-3.0.7.jar
2016-11-08 12:11:15.016+0000 INFO  [o.n.k.i.DiagnosticsManager]  [classpath + loader.0] file:/Users/shun/RailsProjects/skill_test/db/neo4j/development/lib/jetty-server-9.2.9.v20150224.jar
2016-11-08 12:11:15.016+0000 INFO  [o.n.k.i.DiagnosticsManager]  [classpath + loader.0] file:/Users/shun/RailsProjects/skill_test/db/neo4j/development/lib/scala-library-2.11.8.jar
2016-11-08 12:11:15.016+0000 INFO  [o.n.k.i.DiagnosticsManager]  [classpath + loader.0] file:/Users/shun/RailsProjects/skill_test/db/neo4j/development/lib/neo4j-udc-3.0.7.jar
2016-11-08 12:11:15.016+0000 INFO  [o.n.k.i.DiagnosticsManager]  [classpath + loader.0] file:/Users/shun/RailsProjects/skill_test/db/neo4j/development/lib/lucene-codecs-5.5.0.jar
2016-11-08 12:11:15.016+0000 INFO  [o.n.k.i.DiagnosticsManager]  [classpath + loader.0] file:/Users/shun/RailsProjects/skill_test/db/neo4j/development/lib/mimepull-1.9.3.jar
2016-11-08 12:11:15.016+0000 INFO  [o.n.k.i.DiagnosticsManager]  [classpath + loader.0] file:/Users/shun/RailsProjects/skill_test/db/neo4j/development/lib/scala-reflect-2.11.8.jar
2016-11-08 12:11:15.016+0000 INFO  [o.n.k.i.DiagnosticsManager]  [bootstrap] /Library/Java/JavaVirtualMachines/jdk1.8.0_91.jdk/Contents/Home/jre/lib/sunrsasign.jar
2016-11-08 12:11:15.016+0000 INFO  [o.n.k.i.DiagnosticsManager]  [classpath + loader.0] file:/Users/shun/RailsProjects/skill_test/db/neo4j/development/lib/neo4j-cypher-frontend-2.3-2.3.7.jar
2016-11-08 12:11:15.016+0000 INFO  [o.n.k.i.DiagnosticsManager]  [classpath + loader.0] file:/Users/shun/RailsProjects/skill_test/db/neo4j/development/lib/jersey-multipart-1.19.jar
2016-11-08 12:11:15.016+0000 INFO  [o.n.k.i.DiagnosticsManager]  [classpath + loader.0] file:/Users/shun/RailsProjects/skill_test/db/neo4j/development/lib/neo4j-lucene-upgrade-3.0.7.jar
2016-11-08 12:11:15.016+0000 INFO  [o.n.k.i.DiagnosticsManager]  [classpath + loader.0] file:/Users/shun/RailsProjects/skill_test/db/neo4j/development/lib/commons-lang-2.6.jar
2016-11-08 12:11:15.016+0000 INFO  [o.n.k.i.DiagnosticsManager]  [classpath + loader.0] file:/Users/shun/RailsProjects/skill_test/db/neo4j/development/lib/javax.servlet-api-3.1.0.jar
2016-11-08 12:11:15.016+0000 INFO  [o.n.k.i.DiagnosticsManager]  [classpath + loader.0] file:/Users/shun/RailsProjects/skill_test/db/neo4j/development/lib/commons-configuration-1.10.jar
2016-11-08 12:11:15.016+0000 INFO  [o.n.k.i.DiagnosticsManager]  [bootstrap] /Library/Java/JavaVirtualMachines/jdk1.8.0_91.jdk/Contents/Home/jre/lib/resources.jar
2016-11-08 12:11:15.016+0000 INFO  [o.n.k.i.DiagnosticsManager]  [classpath + loader.0] file:/Users/shun/RailsProjects/skill_test/db/neo4j/development/lib/jackson-jaxrs-1.9.13.jar
2016-11-08 12:11:15.016+0000 INFO  [o.n.k.i.DiagnosticsManager]  [loader.1] file:/Library/Java/JavaVirtualMachines/jdk1.8.0_91.jdk/Contents/Home/jre/lib/ext/sunec.jar
2016-11-08 12:11:15.016+0000 INFO  [o.n.k.i.DiagnosticsManager]  [classpath + loader.0] file:/Users/shun/RailsProjects/skill_test/db/neo4j/development/lib/parboiled-scala_2.11-1.1.7.jar
2016-11-08 12:11:15.016+0000 INFO  [o.n.k.i.DiagnosticsManager]  [classpath + loader.0] file:/Users/shun/RailsProjects/skill_test/db/neo4j/development/lib/concurrentlinkedhashmap-lru-1.4.2.jar
2016-11-08 12:11:15.017+0000 INFO  [o.n.k.i.DiagnosticsManager]  [loader.1] file:/Library/Java/JavaVirtualMachines/jdk1.8.0_91.jdk/Contents/Home/jre/lib/ext/cldrdata.jar
2016-11-08 12:11:15.017+0000 INFO  [o.n.k.i.DiagnosticsManager]  [classpath + loader.0] file:/Users/shun/RailsProjects/skill_test/db/neo4j/development/lib/neo4j-kernel-3.0.7.jar
2016-11-08 12:11:15.017+0000 INFO  [o.n.k.i.DiagnosticsManager]  [classpath + loader.0] file:/Users/shun/RailsProjects/skill_test/db/neo4j/development/lib/neo4j-server-3.0.7.jar
2016-11-08 12:11:15.017+0000 INFO  [o.n.k.i.DiagnosticsManager]  [classpath + loader.0] file:/Users/shun/RailsProjects/skill_test/db/neo4j/development/lib/parboiled-core-1.1.7.jar
2016-11-08 12:11:15.017+0000 INFO  [o.n.k.i.DiagnosticsManager]  [classpath + loader.0] file:/Users/shun/RailsProjects/skill_test/db/neo4j/development/lib/neo4j-collections-3.0.7.jar
2016-11-08 12:11:15.017+0000 INFO  [o.n.k.i.DiagnosticsManager]  [classpath + loader.0] file:/Users/shun/RailsProjects/skill_test/db/neo4j/development/lib/neo4j-logging-3.0.7.jar
2016-11-08 12:11:15.017+0000 INFO  [o.n.k.i.DiagnosticsManager]  [classpath + loader.0] file:/Users/shun/RailsProjects/skill_test/db/neo4j/development/lib/neo4j-primitive-collections-3.0.7.jar
2016-11-08 12:11:15.017+0000 INFO  [o.n.k.i.DiagnosticsManager]  [classpath + loader.0] file:/Users/shun/RailsProjects/skill_test/db/neo4j/development/lib/neo4j-shell-3.0.7.jar
2016-11-08 12:11:15.017+0000 INFO  [o.n.k.i.DiagnosticsManager]  [classpath + loader.0] file:/Users/shun/RailsProjects/skill_test/db/neo4j/development/lib/lucene-analyzers-common-5.5.0.jar
2016-11-08 12:11:15.017+0000 INFO  [o.n.k.i.DiagnosticsManager]  [classpath + loader.0] file:/Users/shun/RailsProjects/skill_test/db/neo4j/development/lib/neo4j-cypher-3.0.7.jar
2016-11-08 12:11:15.017+0000 INFO  [o.n.k.i.DiagnosticsManager]  [loader.1] file:/System/Library/Java/Extensions/MRJToolkit.jar
2016-11-08 12:11:15.017+0000 INFO  [o.n.k.i.DiagnosticsManager]  [classpath + loader.0] file:/Users/shun/RailsProjects/skill_test/db/neo4j/development/lib/neo4j-cypher-frontend-3.0-3.0.7.jar
2016-11-08 12:11:15.017+0000 INFO  [o.n.k.i.DiagnosticsManager]  [bootstrap] /Library/Java/JavaVirtualMachines/jdk1.8.0_91.jdk/Contents/Home/jre/lib/jce.jar
2016-11-08 12:11:15.017+0000 INFO  [o.n.k.i.DiagnosticsManager]  [classpath + loader.0] file:/Users/shun/RailsProjects/skill_test/db/neo4j/development/lib/bcprov-jdk15on-1.53.jar
2016-11-08 12:11:15.017+0000 INFO  [o.n.k.i.DiagnosticsManager]  [classpath + loader.0] file:/Users/shun/RailsProjects/skill_test/db/neo4j/development/lib/neo4j-consistency-check-3.0.7.jar
2016-11-08 12:11:15.017+0000 INFO  [o.n.k.i.DiagnosticsManager]  [classpath + loader.0] file:/Users/shun/RailsProjects/skill_test/db/neo4j/development/lib/neo4j-import-tool-3.0.7.jar
2016-11-08 12:11:15.017+0000 INFO  [o.n.k.i.DiagnosticsManager]  [classpath + loader.0] file:/Users/shun/RailsProjects/skill_test/db/neo4j/development/lib/jline-2.12.jar
2016-11-08 12:11:15.017+0000 INFO  [o.n.k.i.DiagnosticsManager]  [classpath + loader.0] file:/Users/shun/RailsProjects/skill_test/db/neo4j/development/lib/neo4j-codegen-3.0.7.jar
2016-11-08 12:11:15.018+0000 INFO  [o.n.k.i.DiagnosticsManager]  [classpath + loader.0] file:/Users/shun/RailsProjects/skill_test/db/neo4j/development/lib/neo4j-common-3.0.7.jar
2016-11-08 12:11:15.018+0000 INFO  [o.n.k.i.DiagnosticsManager]  [classpath + loader.0] file:/Users/shun/RailsProjects/skill_test/db/neo4j/development/lib/neo4j-graphdb-api-3.0.7.jar
2016-11-08 12:11:15.018+0000 INFO  [o.n.k.i.DiagnosticsManager]  [classpath + loader.0] file:/Users/shun/RailsProjects/skill_test/db/neo4j/development/lib/rhino-1.7R4.jar
2016-11-08 12:11:15.018+0000 INFO  [o.n.k.i.DiagnosticsManager]  [classpath + loader.0] file:/Users/shun/RailsProjects/skill_test/db/neo4j/development/lib/neo4j-csv-3.0.7.jar
2016-11-08 12:11:15.018+0000 INFO  [o.n.k.i.DiagnosticsManager]  [classpath + loader.0] file:/Users/shun/RailsProjects/skill_test/db/neo4j/development/lib/jetty-util-9.2.9.v20150224.jar
2016-11-08 12:11:15.018+0000 INFO  [o.n.k.i.DiagnosticsManager]  [loader.1] file:/Library/Java/JavaVirtualMachines/jdk1.8.0_91.jdk/Contents/Home/jre/lib/ext/zipfs.jar
2016-11-08 12:11:15.018+0000 INFO  [o.n.k.i.DiagnosticsManager]  [classpath + loader.0] file:/Users/shun/RailsProjects/skill_test/db/neo4j/development/lib/jetty-webapp-9.2.9.v20150224.jar
2016-11-08 12:11:15.018+0000 INFO  [o.n.k.i.DiagnosticsManager]  [loader.1] file:/Library/Java/JavaVirtualMachines/jdk1.8.0_91.jdk/Contents/Home/jre/lib/ext/jaccess.jar
2016-11-08 12:11:15.018+0000 INFO  [o.n.k.i.DiagnosticsManager]  [loader.1] file:/Library/Java/JavaVirtualMachines/jdk1.8.0_91.jdk/Contents/Home/jre/lib/ext/jfxrt.jar
2016-11-08 12:11:15.018+0000 INFO  [o.n.k.i.DiagnosticsManager]  [classpath + loader.0] file:/Users/shun/RailsProjects/skill_test/db/neo4j/development/lib/bcpkix-jdk15on-1.53.jar
2016-11-08 12:11:15.018+0000 INFO  [o.n.k.i.DiagnosticsManager]  [loader.1] file:/Library/Java/JavaVirtualMachines/jdk1.8.0_91.jdk/Contents/Home/jre/lib/ext/sunpkcs11.jar
2016-11-08 12:11:15.018+0000 INFO  [o.n.k.i.DiagnosticsManager]  [classpath + loader.0] file:/Users/shun/RailsProjects/skill_test/db/neo4j/development/lib/neo4j-graph-matching-3.0.7.jar
2016-11-08 12:11:15.018+0000 INFO  [o.n.k.i.DiagnosticsManager]  [classpath + loader.0] file:/Users/shun/RailsProjects/skill_test/db/neo4j/development/lib/neo4j-jmx-3.0.7.jar
2016-11-08 12:11:15.018+0000 INFO  [o.n.k.i.DiagnosticsManager]  [classpath + loader.0] file:/Users/shun/RailsProjects/skill_test/db/neo4j/development/lib/lucene-queryparser-5.5.0.jar
2016-11-08 12:11:15.018+0000 INFO  [o.n.k.i.DiagnosticsManager]  [classpath + loader.0] file:/Users/shun/RailsProjects/skill_test/db/neo4j/development/lib/jersey-servlet-1.19.jar
2016-11-08 12:11:15.018+0000 INFO  [o.n.k.i.DiagnosticsManager]  [classpath + loader.0] file:/Users/shun/RailsProjects/skill_test/db/neo4j/development/lib/jetty-http-9.2.9.v20150224.jar
2016-11-08 12:11:15.018+0000 INFO  [o.n.k.i.DiagnosticsManager]  [classpath + loader.0] file:/Users/shun/RailsProjects/skill_test/db/neo4j/development/lib/jsr311-api-1.1.2.r612.jar
2016-11-08 12:11:15.018+0000 INFO  [o.n.k.i.DiagnosticsManager]  [bootstrap] /Library/Java/JavaVirtualMachines/jdk1.8.0_91.jdk/Contents/Home/jre/classes
2016-11-08 12:11:15.018+0000 INFO  [o.n.k.i.DiagnosticsManager]  [classpath + loader.0] file:/Users/shun/RailsProjects/skill_test/db/neo4j/development/lib/asm-5.0.2.jar
2016-11-08 12:11:15.018+0000 INFO  [o.n.k.i.DiagnosticsManager]  [classpath + loader.0] file:/Users/shun/RailsProjects/skill_test/db/neo4j/development/lib/jersey-core-1.19.jar
2016-11-08 12:11:15.018+0000 INFO  [o.n.k.i.DiagnosticsManager]  [classpath + loader.0] file:/Users/shun/RailsProjects/skill_test/db/neo4j/development/lib/neo4j-cypher-compiler-2.3-2.3.7.jar
2016-11-08 12:11:15.018+0000 INFO  [o.n.k.i.DiagnosticsManager]  [classpath + loader.0] file:/Users/shun/RailsProjects/skill_test/db/neo4j/development/plugins/*
2016-11-08 12:11:15.018+0000 INFO  [o.n.k.i.DiagnosticsManager]  [classpath + loader.0] file:/Users/shun/RailsProjects/skill_test/db/neo4j/development/lib/neo4j-browser-1.1.9.jar
2016-11-08 12:11:15.018+0000 INFO  [o.n.k.i.DiagnosticsManager]  [bootstrap] /Library/Java/JavaVirtualMachines/jdk1.8.0_91.jdk/Contents/Home/jre/lib/jsse.jar
2016-11-08 12:11:15.018+0000 INFO  [o.n.k.i.DiagnosticsManager]  [classpath + loader.0] file:/Users/shun/RailsProjects/skill_test/db/neo4j/development/lib/lucene-core-5.5.0.jar
2016-11-08 12:11:15.019+0000 INFO  [o.n.k.i.DiagnosticsManager]  [classpath + loader.0] file:/Users/shun/RailsProjects/skill_test/db/neo4j/development/lib/neo4j-io-3.0.7.jar
2016-11-08 12:11:15.019+0000 INFO  [o.n.k.i.DiagnosticsManager]  [classpath + loader.0] file:/Users/shun/RailsProjects/skill_test/db/neo4j/development/lib/neo4j-dbms-3.0.7.jar
2016-11-08 12:11:15.019+0000 INFO  [o.n.k.i.DiagnosticsManager]  [classpath + loader.0] file:/Users/shun/RailsProjects/skill_test/db/neo4j/development/lib/neo4j-security-3.0.7.jar
2016-11-08 12:11:15.019+0000 INFO  [o.n.k.i.DiagnosticsManager]  [loader.1] file:/Library/Java/JavaVirtualMachines/jdk1.8.0_91.jdk/Contents/Home/jre/lib/ext/dnsns.jar
2016-11-08 12:11:15.019+0000 INFO  [o.n.k.i.DiagnosticsManager]  [classpath + loader.0] file:/Users/shun/RailsProjects/skill_test/db/neo4j/development/plugins/
2016-11-08 12:11:15.019+0000 INFO  [o.n.k.i.DiagnosticsManager]  [classpath + loader.0] file:/Users/shun/RailsProjects/skill_test/db/neo4j/development/lib/commons-beanutils-1.8.3.jar
2016-11-08 12:11:15.019+0000 INFO  [o.n.k.i.DiagnosticsManager]  [loader.1] file:/Library/Java/JavaVirtualMachines/jdk1.8.0_91.jdk/Contents/Home/jre/lib/ext/localedata.jar
2016-11-08 12:11:15.019+0000 INFO  [o.n.k.i.DiagnosticsManager]  [classpath + loader.0] file:/Users/shun/RailsProjects/skill_test/db/neo4j/development/lib/commons-io-2.4.jar
2016-11-08 12:11:15.019+0000 INFO  [o.n.k.i.DiagnosticsManager]  [classpath + loader.0] file:/Users/shun/RailsProjects/skill_test/db/neo4j/development/lib/jetty-security-9.2.9.v20150224.jar
2016-11-08 12:11:15.019+0000 INFO  [o.n.k.i.DiagnosticsManager]  [classpath + loader.0] file:/Users/shun/RailsProjects/skill_test/db/neo4j/development/lib/opencsv-2.3.jar
2016-11-08 12:11:15.019+0000 INFO  [o.n.k.i.DiagnosticsManager]  [classpath + loader.0] file:/Users/shun/RailsProjects/skill_test/db/neo4j/development/lib/neo4j-command-line-3.0.7.jar
2016-11-08 12:11:15.019+0000 INFO  [o.n.k.i.DiagnosticsManager]  [classpath + loader.0] file:/Users/shun/RailsProjects/skill_test/db/neo4j/development/lib/commons-lang3-3.3.2.jar
2016-11-08 12:11:15.019+0000 INFO  [o.n.k.i.DiagnosticsManager]  [classpath + loader.0] file:/Users/shun/RailsProjects/skill_test/db/neo4j/development/lib/commons-logging-1.1.1.jar
2016-11-08 12:11:15.019+0000 INFO  [o.n.k.i.DiagnosticsManager]  [classpath + loader.0] file:/Users/shun/RailsProjects/skill_test/db/neo4j/development/lib/neo4j-lucene-index-3.0.7.jar
2016-11-08 12:11:15.019+0000 INFO  [o.n.k.i.DiagnosticsManager]  [loader.1] file:/Library/Java/JavaVirtualMachines/jdk1.8.0_91.jdk/Contents/Home/jre/lib/ext/sunjce_provider.jar
2016-11-08 12:11:15.019+0000 INFO  [o.n.k.i.DiagnosticsManager]  [loader.1] file:/Library/Java/JavaVirtualMachines/jdk1.8.0_91.jdk/Contents/Home/jre/lib/ext/nashorn.jar
2016-11-08 12:11:15.019+0000 INFO  [o.n.k.i.DiagnosticsManager]  [classpath + loader.0] file:/Users/shun/RailsProjects/skill_test/db/neo4j/development/lib/neo4j-unsafe-3.0.7.jar
2016-11-08 12:11:15.019+0000 INFO  [o.n.k.i.DiagnosticsManager]  [classpath + loader.0] file:/Users/shun/RailsProjects/skill_test/db/neo4j/development/lib/neo4j-graph-algo-3.0.7.jar
2016-11-08 12:11:15.019+0000 INFO  [o.n.k.i.DiagnosticsManager]  [classpath + loader.0] file:/Users/shun/RailsProjects/skill_test/db/neo4j/development/lib/netty-all-4.0.28.Final.jar
2016-11-08 12:11:15.019+0000 INFO  [o.n.k.i.DiagnosticsManager]  [bootstrap] /Library/Java/JavaVirtualMachines/jdk1.8.0_91.jdk/Contents/Home/jre/lib/rt.jar
2016-11-08 12:11:15.020+0000 INFO  [o.n.k.i.DiagnosticsManager]  [bootstrap] /Library/Java/JavaVirtualMachines/jdk1.8.0_91.jdk/Contents/Home/jre/lib/jfr.jar
2016-11-08 12:11:15.020+0000 INFO  [o.n.k.i.DiagnosticsManager]  [classpath + loader.0] file:/Users/shun/RailsProjects/skill_test/db/neo4j/development/lib/jetty-io-9.2.9.v20150224.jar
2016-11-08 12:11:15.020+0000 INFO  [o.n.k.i.DiagnosticsManager]  [classpath + loader.0] file:/Users/shun/RailsProjects/skill_test/db/neo4j/development/lib/neo4j-cypher-compiler-3.0-3.0.7.jar
2016-11-08 12:11:15.020+0000 INFO  [o.n.k.i.DiagnosticsManager] Library path:
2016-11-08 12:11:15.020+0000 INFO  [o.n.k.i.DiagnosticsManager] /Users/shun/Library/Java/Extensions
2016-11-08 12:11:15.020+0000 INFO  [o.n.k.i.DiagnosticsManager] /Library/Java/Extensions
2016-11-08 12:11:15.020+0000 INFO  [o.n.k.i.DiagnosticsManager] /Network/Library/Java/Extensions
2016-11-08 12:11:15.020+0000 INFO  [o.n.k.i.DiagnosticsManager] /System/Library/Java/Extensions
2016-11-08 12:11:15.020+0000 INFO  [o.n.k.i.DiagnosticsManager] /usr/lib/java
2016-11-08 12:11:15.020+0000 INFO  [o.n.k.i.DiagnosticsManager] /Users/shun/RailsProjects/skill_test
2016-11-08 12:11:15.021+0000 INFO  [o.n.k.i.DiagnosticsManager] System.properties:
2016-11-08 12:11:15.021+0000 INFO  [o.n.k.i.DiagnosticsManager] sun.boot.library.path = /Library/Java/JavaVirtualMachines/jdk1.8.0_91.jdk/Contents/Home/jre/lib
2016-11-08 12:11:15.021+0000 INFO  [o.n.k.i.DiagnosticsManager] gopherProxySet = false
2016-11-08 12:11:15.021+0000 INFO  [o.n.k.i.DiagnosticsManager] path.separator = :
2016-11-08 12:11:15.021+0000 INFO  [o.n.k.i.DiagnosticsManager] file.encoding.pkg = sun.io
2016-11-08 12:11:15.021+0000 INFO  [o.n.k.i.DiagnosticsManager] user.country = JP
2016-11-08 12:11:15.021+0000 INFO  [o.n.k.i.DiagnosticsManager] sun.java.launcher = SUN_STANDARD
2016-11-08 12:11:15.021+0000 INFO  [o.n.k.i.DiagnosticsManager] sun.os.patch.level = unknown
2016-11-08 12:11:15.021+0000 INFO  [o.n.k.i.DiagnosticsManager] user.dir = /Users/shun/RailsProjects/skill_test
2016-11-08 12:11:15.021+0000 INFO  [o.n.k.i.DiagnosticsManager] sun.jnu.encoding = UTF-8
2016-11-08 12:11:15.021+0000 INFO  [o.n.k.i.DiagnosticsManager] unsupported.dbms.udc.source = tarball
2016-11-08 12:11:15.021+0000 INFO  [o.n.k.i.DiagnosticsManager] sun.management.compiler = HotSpot 64-Bit Tiered Compilers
2016-11-08 12:11:15.021+0000 INFO  [o.n.k.i.DiagnosticsManager] http.nonProxyHosts = local|*.local|169.254/16|*.169.254/16
2016-11-08 12:11:15.021+0000 INFO  [o.n.k.i.DiagnosticsManager] user.home = /Users/shun
2016-11-08 12:11:15.021+0000 INFO  [o.n.k.i.DiagnosticsManager] user.timezone = Asia/Tokyo
2016-11-08 12:11:15.021+0000 INFO  [o.n.k.i.DiagnosticsManager] file.encoding = UTF-8
2016-11-08 12:11:15.021+0000 INFO  [o.n.k.i.DiagnosticsManager] user.name = shun
2016-11-08 12:11:15.021+0000 INFO  [o.n.k.i.DiagnosticsManager] sun.java.command = org.neo4j.server.CommunityEntryPoint --home-dir=/Users/shun/RailsProjects/skill_test/db/neo4j/development --config-dir=/Users/shun/RailsProjects/skill_test/db/neo4j/development/conf
2016-11-08 12:11:15.021+0000 INFO  [o.n.k.i.DiagnosticsManager] sun.arch.data.model = 64
2016-11-08 12:11:15.021+0000 INFO  [o.n.k.i.DiagnosticsManager] user.language = ja
2016-11-08 12:11:15.021+0000 INFO  [o.n.k.i.DiagnosticsManager] awt.toolkit = sun.lwawt.macosx.LWCToolkit
2016-11-08 12:11:15.021+0000 INFO  [o.n.k.i.DiagnosticsManager] jdk.tls.ephemeralDHKeySize = 2048
2016-11-08 12:11:15.022+0000 INFO  [o.n.k.i.DiagnosticsManager] file.separator = /
2016-11-08 12:11:15.022+0000 INFO  [o.n.k.i.DiagnosticsManager] sun.io.unicode.encoding = UnicodeBig
2016-11-08 12:11:15.022+0000 INFO  [o.n.k.i.DiagnosticsManager] sun.cpu.endian = little
2016-11-08 12:11:15.022+0000 INFO  [o.n.k.i.DiagnosticsManager] socksNonProxyHosts = local|*.local|169.254/16|*.169.254/16
2016-11-08 12:11:15.022+0000 INFO  [o.n.k.i.DiagnosticsManager] ftp.nonProxyHosts = local|*.local|169.254/16|*.169.254/16
2016-11-08 12:11:15.022+0000 INFO  [o.n.k.i.DiagnosticsManager] sun.cpu.isalist = 
2016-11-08 12:11:15.022+0000 INFO  [o.n.k.i.DiagnosticsManager] Network information:
2016-11-08 12:11:15.026+0000 INFO  [o.n.k.i.DiagnosticsManager] Interface awdl0:
2016-11-08 12:11:15.027+0000 INFO  [o.n.k.i.DiagnosticsManager]     address: fe80:0:0:0:c011:65ff:fed6:173b%awdl0
2016-11-08 12:11:15.027+0000 INFO  [o.n.k.i.DiagnosticsManager] Interface en0:
2016-11-08 12:11:15.027+0000 INFO  [o.n.k.i.DiagnosticsManager]     address: fe80:0:0:0:a6d1:8cff:fec4:a34e%en0
2016-11-08 12:11:15.027+0000 INFO  [o.n.k.i.DiagnosticsManager]     address: 172.30.130.197
2016-11-08 12:11:15.027+0000 INFO  [o.n.k.i.DiagnosticsManager] Interface lo0:
2016-11-08 12:11:15.027+0000 INFO  [o.n.k.i.DiagnosticsManager]     address: fe80:0:0:0:0:0:0:1%lo0
2016-11-08 12:11:15.027+0000 INFO  [o.n.k.i.DiagnosticsManager]     address: 0:0:0:0:0:0:0:1
2016-11-08 12:11:15.028+0000 INFO  [o.n.k.i.DiagnosticsManager]     address: 127.0.0.1
2016-11-08 12:11:15.028+0000 INFO  [o.n.k.i.DiagnosticsManager] --- INITIALIZED diagnostics END ---
2016-11-08 12:11:15.074+0000 INFO  [o.n.b.v.r.Sessions] No SSL certificate found, generating a self-signed certificate..
2016-11-08 12:11:15.987+0000 INFO  [o.n.b.v.r.Sessions] Bolt Server extension loaded.
2016-11-08 12:11:15.988+0000 INFO  [o.n.b.v.r.Sessions] Bolt enabled on localhost:7472.
2016-11-08 12:11:16.121+0000 INFO  [o.n.k.i.s.f.RecordFormatSelector] Selected format 'RecordFormat:StandardV3_0[v0.A.7]' for the new store
2016-11-08 12:11:16.528+0000 INFO  [o.n.k.a.i.l.LuceneLabelScanStore] No lucene scan store index found, this might just be first use. Preparing to rebuild.
2016-11-08 12:11:16.671+0000 INFO  [o.n.k.NeoStoreDataSource] Opened logical log [/Users/shun/RailsProjects/skill_test/db/neo4j/development/data/databases/graph.db/neostore.transaction.db.0] version=0, lastTxId=1 (clean)
2016-11-08 12:11:16.694+0000 WARN  [o.n.k.i.s.MetaDataStore] Missing counts store, rebuilding it.
2016-11-08 12:11:16.802+0000 INFO  [o.n.k.a.i.l.LuceneLabelScanStore] Rebuilding lucene scan store, this may take a while
2016-11-08 12:11:16.830+0000 INFO  [o.n.k.a.i.l.LuceneLabelScanStore] Lucene scan store rebuilt (roughly 0 nodes)
2016-11-08 12:11:16.835+0000 INFO  [o.n.k.i.DatabaseHealth] Database health set to OK
2016-11-08 12:11:17.300+0000 INFO  [o.n.k.AvailabilityGuard] Fulfilling of requirement makes database available: Database available
2016-11-08 12:11:17.300+0000 INFO  [o.n.k.i.f.CommunityFacadeFactory] Database is now ready
2016-11-08 12:11:17.302+0000 INFO  [o.n.k.i.DiagnosticsManager] --- STARTED diagnostics for KernelDiagnostics:Versions START ---
2016-11-08 12:11:17.302+0000 INFO  [o.n.k.i.DiagnosticsManager] Graph Database: community single StoreId{creationTime=1478607076381, randomId=-2301253049291917340, storeVersion=15531981201765894, upgradeTime=1478607076381, upgradeId=1}
2016-11-08 12:11:17.302+0000 INFO  [o.n.k.i.DiagnosticsManager] Kernel version: 3.0.7,844933cd439bde936b04e66f1c0ca8d617794a0a
2016-11-08 12:11:17.303+0000 INFO  [o.n.k.i.DiagnosticsManager] --- STARTED diagnostics for KernelDiagnostics:Versions END ---
2016-11-08 12:11:17.304+0000 INFO  [o.n.k.i.DiagnosticsManager] --- STARTED diagnostics for NEO_STORE_VERSIONS START ---
2016-11-08 12:11:17.305+0000 INFO  [o.n.k.i.DiagnosticsManager] Store versions:
2016-11-08 12:11:17.305+0000 INFO  [o.n.k.i.DiagnosticsManager] Store versions:
2016-11-08 12:11:17.305+0000 INFO  [o.n.k.i.DiagnosticsManager]   ArrayPropertyStore v0.A.7
2016-11-08 12:11:17.305+0000 INFO  [o.n.k.i.DiagnosticsManager]   NodeStore v0.A.7
2016-11-08 12:11:17.305+0000 INFO  [o.n.k.i.DiagnosticsManager]   StringPropertyStore v0.A.7
2016-11-08 12:11:17.305+0000 INFO  [o.n.k.i.DiagnosticsManager]   PropertyIndexStore v0.A.7
2016-11-08 12:11:17.305+0000 INFO  [o.n.k.i.DiagnosticsManager]   StringPropertyStore v0.A.7
2016-11-08 12:11:17.305+0000 INFO  [o.n.k.i.DiagnosticsManager]   ArrayPropertyStore v0.A.7
2016-11-08 12:11:17.305+0000 INFO  [o.n.k.i.DiagnosticsManager]   PropertyStore v0.A.7
2016-11-08 12:11:17.305+0000 INFO  [o.n.k.i.DiagnosticsManager]   RelationshipStore v0.A.7
2016-11-08 12:11:17.305+0000 INFO  [o.n.k.i.DiagnosticsManager]   StringPropertyStore v0.A.7
2016-11-08 12:11:17.305+0000 INFO  [o.n.k.i.DiagnosticsManager]   RelationshipTypeStore v0.A.7
2016-11-08 12:11:17.305+0000 INFO  [o.n.k.i.DiagnosticsManager]   StringPropertyStore v0.A.7
2016-11-08 12:11:17.305+0000 INFO  [o.n.k.i.DiagnosticsManager]   LabelTokenStore v0.A.7
2016-11-08 12:11:17.305+0000 INFO  [o.n.k.i.DiagnosticsManager]   SchemaStore v0.A.7
2016-11-08 12:11:17.305+0000 INFO  [o.n.k.i.DiagnosticsManager]   RelationshipGroupStore v0.A.7
2016-11-08 12:11:17.305+0000 INFO  [o.n.k.i.DiagnosticsManager]   NeoStore v0.A.7
2016-11-08 12:11:17.305+0000 INFO  [o.n.k.i.DiagnosticsManager] --- STARTED diagnostics for NEO_STORE_VERSIONS END ---
2016-11-08 12:11:17.305+0000 INFO  [o.n.k.i.DiagnosticsManager] --- STARTED diagnostics for NEO_STORE_ID_USAGE START ---
2016-11-08 12:11:17.306+0000 INFO  [o.n.k.i.DiagnosticsManager] Id usage:
2016-11-08 12:11:17.306+0000 INFO  [o.n.k.i.DiagnosticsManager] Id usage:
2016-11-08 12:11:17.306+0000 INFO  [o.n.k.i.DiagnosticsManager]   ArrayPropertyStore: used=1 high=0
2016-11-08 12:11:17.306+0000 INFO  [o.n.k.i.DiagnosticsManager]   NodeStore: used=0 high=-1
2016-11-08 12:11:17.306+0000 INFO  [o.n.k.i.DiagnosticsManager]   StringPropertyStore: used=1 high=0
2016-11-08 12:11:17.306+0000 INFO  [o.n.k.i.DiagnosticsManager]   PropertyIndexStore: used=0 high=-1
2016-11-08 12:11:17.307+0000 INFO  [o.n.k.i.DiagnosticsManager]   StringPropertyStore: used=1 high=0
2016-11-08 12:11:17.307+0000 INFO  [o.n.k.i.DiagnosticsManager]   ArrayPropertyStore: used=1 high=0
2016-11-08 12:11:17.307+0000 INFO  [o.n.k.i.DiagnosticsManager]   PropertyStore: used=0 high=-1
2016-11-08 12:11:17.307+0000 INFO  [o.n.k.i.DiagnosticsManager]   RelationshipStore: used=0 high=-1
2016-11-08 12:11:17.307+0000 INFO  [o.n.k.i.DiagnosticsManager]   StringPropertyStore: used=1 high=0
2016-11-08 12:11:17.307+0000 INFO  [o.n.k.i.DiagnosticsManager]   RelationshipTypeStore: used=0 high=-1
2016-11-08 12:11:17.307+0000 INFO  [o.n.k.i.DiagnosticsManager]   StringPropertyStore: used=1 high=0
2016-11-08 12:11:17.308+0000 INFO  [o.n.k.i.DiagnosticsManager]   LabelTokenStore: used=0 high=-1
2016-11-08 12:11:17.308+0000 INFO  [o.n.k.i.DiagnosticsManager]   SchemaStore: used=1 high=0
2016-11-08 12:11:17.308+0000 INFO  [o.n.k.i.DiagnosticsManager]   RelationshipGroupStore: used=1 high=0
2016-11-08 12:11:17.308+0000 INFO  [o.n.k.i.DiagnosticsManager]   NeoStore: used=15 high=14
2016-11-08 12:11:17.308+0000 INFO  [o.n.k.i.DiagnosticsManager] --- STARTED diagnostics for NEO_STORE_ID_USAGE END ---
2016-11-08 12:11:17.308+0000 INFO  [o.n.k.i.DiagnosticsManager] --- STARTED diagnostics for NEO_STORE_RECORDS START ---
2016-11-08 12:11:17.308+0000 INFO  [o.n.k.i.DiagnosticsManager] Neostore records:
2016-11-08 12:11:17.310+0000 INFO  [o.n.k.i.DiagnosticsManager] TIME (Creation time): 1478607076381
2016-11-08 12:11:17.310+0000 INFO  [o.n.k.i.DiagnosticsManager] RANDOM_NUMBER (Random number for store id): -2301253049291917340
2016-11-08 12:11:17.310+0000 INFO  [o.n.k.i.DiagnosticsManager] LOG_VERSION (Current log version): 0
2016-11-08 12:11:17.310+0000 INFO  [o.n.k.i.DiagnosticsManager] LAST_TRANSACTION_ID (Last committed transaction): 1
2016-11-08 12:11:17.310+0000 INFO  [o.n.k.i.DiagnosticsManager] STORE_VERSION (Store format version): 15531981201765894
2016-11-08 12:11:17.310+0000 INFO  [o.n.k.i.DiagnosticsManager] FIRST_GRAPH_PROPERTY (First property record containing graph properties): -1
2016-11-08 12:11:17.310+0000 INFO  [o.n.k.i.DiagnosticsManager] LAST_CONSTRAINT_TRANSACTION (Last committed transaction containing constraint changes): 0
2016-11-08 12:11:17.310+0000 INFO  [o.n.k.i.DiagnosticsManager] UPGRADE_TRANSACTION_ID (Transaction id most recent upgrade was performed at): 1
2016-11-08 12:11:17.310+0000 INFO  [o.n.k.i.DiagnosticsManager] UPGRADE_TIME (Time of last upgrade): 1478607076381
2016-11-08 12:11:17.310+0000 INFO  [o.n.k.i.DiagnosticsManager] LAST_TRANSACTION_CHECKSUM (Checksum of last committed transaction): 0
2016-11-08 12:11:17.310+0000 INFO  [o.n.k.i.DiagnosticsManager] UPGRADE_TRANSACTION_CHECKSUM (Checksum of transaction id the most recent upgrade was performed at): 0
2016-11-08 12:11:17.310+0000 INFO  [o.n.k.i.DiagnosticsManager] LAST_CLOSED_TRANSACTION_LOG_VERSION (Log version where the last transaction commit entry has been written into): 0
2016-11-08 12:11:17.310+0000 INFO  [o.n.k.i.DiagnosticsManager] LAST_CLOSED_TRANSACTION_LOG_BYTE_OFFSET (Byte offset in the log file where the last transaction commit entry has been written into): 16
2016-11-08 12:11:17.311+0000 INFO  [o.n.k.i.DiagnosticsManager] LAST_TRANSACTION_COMMIT_TIMESTAMP (Commit time timestamp for last committed transaction): 0
2016-11-08 12:11:17.311+0000 INFO  [o.n.k.i.DiagnosticsManager] UPGRADE_TRANSACTION_COMMIT_TIMESTAMP (Commit timestamp of transaction the most recent upgrade was performed at): 0
2016-11-08 12:11:17.311+0000 INFO  [o.n.k.i.DiagnosticsManager] --- STARTED diagnostics for NEO_STORE_RECORDS END ---
2016-11-08 12:11:17.312+0000 INFO  [o.n.k.i.DiagnosticsManager] --- STARTED diagnostics for TRANSACTION_RANGE START ---
2016-11-08 12:11:17.312+0000 INFO  [o.n.k.i.DiagnosticsManager] Transaction log:
2016-11-08 12:11:17.313+0000 INFO  [o.n.k.i.DiagnosticsManager] No transactions found in any log
2016-11-08 12:11:17.313+0000 INFO  [o.n.k.i.DiagnosticsManager] --- STARTED diagnostics for TRANSACTION_RANGE END ---
2016-11-08 12:11:17.313+0000 INFO  [o.n.k.i.DiagnosticsManager] --- STARTED diagnostics for KernelDiagnostics:StoreFiles START ---
2016-11-08 12:11:17.314+0000 INFO  [o.n.k.i.DiagnosticsManager] Disk space on partition (Total / Free / Free %): 120108089344 / 10811973632 / 9
Storage files: (filename : modification date - size)
2016-11-08 12:11:17.315+0000 INFO  [o.n.k.i.DiagnosticsManager]   index:
2016-11-08 12:11:17.315+0000 INFO  [o.n.k.i.DiagnosticsManager]   - Total: 2016-11-08T21:11:16+0900 - 0.00 B
2016-11-08 12:11:17.316+0000 INFO  [o.n.k.i.DiagnosticsManager]   neostore: 2016-11-08T21:11:16+0900 - 8.00 kB
2016-11-08 12:11:17.316+0000 INFO  [o.n.k.i.DiagnosticsManager]   neostore.counts.db.a: 2016-11-08T21:11:16+0900 - 96.00 B
2016-11-08 12:11:17.317+0000 INFO  [o.n.k.i.DiagnosticsManager]   neostore.id: 2016-11-08T21:11:16+0900 - 9.00 B
2016-11-08 12:11:17.317+0000 INFO  [o.n.k.i.DiagnosticsManager]   neostore.labeltokenstore.db: 2016-11-08T21:11:16+0900 - 0.00 B
2016-11-08 12:11:17.317+0000 INFO  [o.n.k.i.DiagnosticsManager]   neostore.labeltokenstore.db.id: 2016-11-08T21:11:16+0900 - 9.00 B
2016-11-08 12:11:17.318+0000 INFO  [o.n.k.i.DiagnosticsManager]   neostore.labeltokenstore.db.names: 2016-11-08T21:11:16+0900 - 8.00 kB
2016-11-08 12:11:17.318+0000 INFO  [o.n.k.i.DiagnosticsManager]   neostore.labeltokenstore.db.names.id: 2016-11-08T21:11:16+0900 - 9.00 B
2016-11-08 12:11:17.318+0000 INFO  [o.n.k.i.DiagnosticsManager]   neostore.nodestore.db: 2016-11-08T21:11:16+0900 - 0.00 B
2016-11-08 12:11:17.318+0000 INFO  [o.n.k.i.DiagnosticsManager]   neostore.nodestore.db.id: 2016-11-08T21:11:16+0900 - 9.00 B
2016-11-08 12:11:17.319+0000 INFO  [o.n.k.i.DiagnosticsManager]   neostore.nodestore.db.labels: 2016-11-08T21:11:16+0900 - 8.00 kB
2016-11-08 12:11:17.319+0000 INFO  [o.n.k.i.DiagnosticsManager]   neostore.nodestore.db.labels.id: 2016-11-08T21:11:16+0900 - 9.00 B
2016-11-08 12:11:17.319+0000 INFO  [o.n.k.i.DiagnosticsManager]   neostore.propertystore.db: 2016-11-08T21:11:16+0900 - 0.00 B
2016-11-08 12:11:17.319+0000 INFO  [o.n.k.i.DiagnosticsManager]   neostore.propertystore.db.arrays: 2016-11-08T21:11:16+0900 - 8.00 kB
2016-11-08 12:11:17.320+0000 INFO  [o.n.k.i.DiagnosticsManager]   neostore.propertystore.db.arrays.id: 2016-11-08T21:11:16+0900 - 9.00 B
2016-11-08 12:11:17.320+0000 INFO  [o.n.k.i.DiagnosticsManager]   neostore.propertystore.db.id: 2016-11-08T21:11:16+0900 - 9.00 B
2016-11-08 12:11:17.320+0000 INFO  [o.n.k.i.DiagnosticsManager]   neostore.propertystore.db.index: 2016-11-08T21:11:16+0900 - 0.00 B
2016-11-08 12:11:17.320+0000 INFO  [o.n.k.i.DiagnosticsManager]   neostore.propertystore.db.index.id: 2016-11-08T21:11:16+0900 - 9.00 B
2016-11-08 12:11:17.321+0000 INFO  [o.n.k.i.DiagnosticsManager]   neostore.propertystore.db.index.keys: 2016-11-08T21:11:16+0900 - 8.00 kB
2016-11-08 12:11:17.321+0000 INFO  [o.n.k.i.DiagnosticsManager]   neostore.propertystore.db.index.keys.id: 2016-11-08T21:11:16+0900 - 9.00 B
2016-11-08 12:11:17.321+0000 INFO  [o.n.k.i.DiagnosticsManager]   neostore.propertystore.db.strings: 2016-11-08T21:11:16+0900 - 8.00 kB
2016-11-08 12:11:17.321+0000 INFO  [o.n.k.i.DiagnosticsManager]   neostore.propertystore.db.strings.id: 2016-11-08T21:11:16+0900 - 9.00 B
2016-11-08 12:11:17.321+0000 INFO  [o.n.k.i.DiagnosticsManager]   neostore.relationshipgroupstore.db: 2016-11-08T21:11:16+0900 - 8.00 kB
2016-11-08 12:11:17.321+0000 INFO  [o.n.k.i.DiagnosticsManager]   neostore.relationshipgroupstore.db.id: 2016-11-08T21:11:16+0900 - 9.00 B
2016-11-08 12:11:17.322+0000 INFO  [o.n.k.i.DiagnosticsManager]   neostore.relationshipstore.db: 2016-11-08T21:11:16+0900 - 0.00 B
2016-11-08 12:11:17.322+0000 INFO  [o.n.k.i.DiagnosticsManager]   neostore.relationshipstore.db.id: 2016-11-08T21:11:16+0900 - 9.00 B
2016-11-08 12:11:17.322+0000 INFO  [o.n.k.i.DiagnosticsManager]   neostore.relationshiptypestore.db: 2016-11-08T21:11:16+0900 - 0.00 B
2016-11-08 12:11:17.322+0000 INFO  [o.n.k.i.DiagnosticsManager]   neostore.relationshiptypestore.db.id: 2016-11-08T21:11:16+0900 - 9.00 B
2016-11-08 12:11:17.322+0000 INFO  [o.n.k.i.DiagnosticsManager]   neostore.relationshiptypestore.db.names: 2016-11-08T21:11:16+0900 - 8.00 kB
2016-11-08 12:11:17.322+0000 INFO  [o.n.k.i.DiagnosticsManager]   neostore.relationshiptypestore.db.names.id: 2016-11-08T21:11:16+0900 - 9.00 B
2016-11-08 12:11:17.323+0000 INFO  [o.n.k.i.DiagnosticsManager]   neostore.schemastore.db: 2016-11-08T21:11:16+0900 - 8.00 kB
2016-11-08 12:11:17.323+0000 INFO  [o.n.k.i.DiagnosticsManager]   neostore.schemastore.db.id: 2016-11-08T21:11:16+0900 - 9.00 B
2016-11-08 12:11:17.323+0000 INFO  [o.n.k.i.DiagnosticsManager]   neostore.transaction.db.0: 2016-11-08T21:11:16+0900 - 16.00 B
2016-11-08 12:11:17.323+0000 INFO  [o.n.k.i.DiagnosticsManager]   schema:
2016-11-08 12:11:17.323+0000 INFO  [o.n.k.i.DiagnosticsManager]     label:
2016-11-08 12:11:17.323+0000 INFO  [o.n.k.i.DiagnosticsManager]       lucene:
2016-11-08 12:11:17.323+0000 INFO  [o.n.k.i.DiagnosticsManager]         labelStore:
2016-11-08 12:11:17.323+0000 INFO  [o.n.k.i.DiagnosticsManager]           1:
2016-11-08 12:11:17.323+0000 INFO  [o.n.k.i.DiagnosticsManager]             write.lock: 2016-11-08T21:11:16+0900 - 0.00 B
2016-11-08 12:11:17.324+0000 INFO  [o.n.k.i.DiagnosticsManager]           - Total: 2016-11-08T21:11:16+0900 - 0.00 B
2016-11-08 12:11:17.324+0000 INFO  [o.n.k.i.DiagnosticsManager]           failure-message: 2016-11-08T21:11:16+0900 - 16.00 kB
2016-11-08 12:11:17.324+0000 INFO  [o.n.k.i.DiagnosticsManager]         - Total: 2016-11-08T21:11:16+0900 - 16.00 kB
2016-11-08 12:11:17.324+0000 INFO  [o.n.k.i.DiagnosticsManager]       - Total: 2016-11-08T21:11:16+0900 - 16.00 kB
2016-11-08 12:11:17.324+0000 INFO  [o.n.k.i.DiagnosticsManager]     - Total: 2016-11-08T21:11:16+0900 - 16.00 kB
2016-11-08 12:11:17.324+0000 INFO  [o.n.k.i.DiagnosticsManager]   - Total: 2016-11-08T21:11:16+0900 - 16.00 kB
2016-11-08 12:11:17.324+0000 INFO  [o.n.k.i.DiagnosticsManager]   store_lock: 2016-11-08T21:11:16+0900 - 0.00 B
2016-11-08 12:11:17.325+0000 INFO  [o.n.k.i.DiagnosticsManager] --- STARTED diagnostics for KernelDiagnostics:StoreFiles END ---
2016-11-08 12:11:19.436+0000 INFO  [o.n.k.i.DiagnosticsManager] --- SERVER STARTED START ---
2016-11-08 12:11:21.691+0000 INFO  [o.n.k.i.f.CommunityFacadeFactory] Shutdown started
2016-11-08 12:11:21.692+0000 INFO  [o.n.k.i.f.CommunityFacadeFactory] Database is now unavailable
2016-11-08 12:11:21.702+0000 INFO  [o.n.k.i.t.l.c.CheckPointerImpl] Check Pointing triggered by database shutdown [1]:  Starting check pointing...
2016-11-08 12:11:21.702+0000 INFO  [o.n.k.i.t.l.c.CheckPointerImpl] Check Pointing triggered by database shutdown [1]:  Starting store flush...
2016-11-08 12:11:21.735+0000 INFO  [o.n.k.i.t.l.c.CheckPointerImpl] Check Pointing triggered by database shutdown [1]:  Store flush completed
2016-11-08 12:11:21.735+0000 INFO  [o.n.k.i.t.l.c.CheckPointerImpl] Check Pointing triggered by database shutdown [1]:  Starting appending check point entry into the tx log...
2016-11-08 12:11:21.741+0000 INFO  [o.n.k.i.t.l.c.CheckPointerImpl] Check Pointing triggered by database shutdown [1]:  Appending check point entry into the tx log completed
2016-11-08 12:11:21.741+0000 INFO  [o.n.k.i.t.l.c.CheckPointerImpl] Check Pointing triggered by database shutdown [1]:  Check pointing completed
2016-11-08 12:11:21.742+0000 INFO  [o.n.k.i.t.l.p.LogPruningImpl] Log Rotation [0]:  Starting log pruning.
2016-11-08 12:11:21.742+0000 INFO  [o.n.k.i.t.l.p.LogPruningImpl] Log Rotation [0]:  Log pruning complete.
2016-11-08 12:11:21.832+0000 INFO  [o.n.k.i.DiagnosticsManager] --- STOPPING diagnostics START ---
2016-11-08 12:11:21.833+0000 INFO  [o.n.k.i.DiagnosticsManager] --- STOPPING diagnostics END ---
2016-11-08 14:21:55.121+0000 INFO  [o.n.k.i.f.CommunityFacadeFactory] No locking implementation specified, defaulting to 'community'
2016-11-08 14:21:55.475+0000 INFO  [o.n.k.AvailabilityGuard] Requirement makes database unavailable: Database available
2016-11-08 14:21:55.549+0000 INFO  [o.n.k.i.DiagnosticsManager] --- INITIALIZED diagnostics START ---
2016-11-08 14:21:55.549+0000 INFO  [o.n.k.i.DiagnosticsManager] Neo4j Kernel properties:
2016-11-08 14:21:55.550+0000 INFO  [o.n.k.i.DiagnosticsManager] dbms.connector.http.enabled=true
2016-11-08 14:21:55.550+0000 INFO  [o.n.k.i.DiagnosticsManager] dbms.security.auth_enabled=false
2016-11-08 14:21:55.550+0000 INFO  [o.n.k.i.DiagnosticsManager] dbms.connector.bolt.type=BOLT
2016-11-08 14:21:55.550+0000 INFO  [o.n.k.i.DiagnosticsManager] unsupported.dbms.directories.neo4j_home=/Users/shun/RailsProjects/skill_test/db/neo4j/development
2016-11-08 14:21:55.551+0000 INFO  [o.n.k.i.DiagnosticsManager] dbms.directories.import=import
2016-11-08 14:21:55.551+0000 INFO  [o.n.k.i.DiagnosticsManager] dbms.connector.bolt.tls_level=OPTIONAL
2016-11-08 14:21:55.552+0000 INFO  [o.n.k.i.DiagnosticsManager] dbms.shell.enabled=true
2016-11-08 14:21:55.552+0000 INFO  [o.n.k.i.DiagnosticsManager] dbms.connector.https.address=localhost:7473
2016-11-08 14:21:55.552+0000 INFO  [o.n.k.i.DiagnosticsManager] dbms.connector.https.enabled=false
2016-11-08 14:21:55.552+0000 INFO  [o.n.k.i.DiagnosticsManager] dbms.connector.http.type=HTTP
2016-11-08 14:21:55.553+0000 INFO  [o.n.k.i.DiagnosticsManager] dbms.connector.https.encryption=TLS
2016-11-08 14:21:55.553+0000 INFO  [o.n.k.i.DiagnosticsManager] dbms.connector.https.type=HTTP
2016-11-08 14:21:55.553+0000 INFO  [o.n.k.i.DiagnosticsManager] unsupported.dbms.security.auth_store.location=data/dbms/auth
2016-11-08 14:21:55.554+0000 INFO  [o.n.k.i.DiagnosticsManager] unsupported.dbms.edition=community
2016-11-08 14:21:55.554+0000 INFO  [o.n.k.i.DiagnosticsManager] dbms.connector.bolt.address=localhost:7472
2016-11-08 14:21:55.554+0000 INFO  [o.n.k.i.DiagnosticsManager] dbms.connector.http.address=localhost:7474
2016-11-08 14:21:55.554+0000 INFO  [o.n.k.i.DiagnosticsManager] dbms.connector.bolt.enabled=true
2016-11-08 14:21:55.554+0000 INFO  [o.n.k.i.DiagnosticsManager] Diagnostics providers:
2016-11-08 14:21:55.554+0000 INFO  [o.n.k.i.DiagnosticsManager] org.neo4j.kernel.configuration.Config
2016-11-08 14:21:55.555+0000 INFO  [o.n.k.i.DiagnosticsManager] org.neo4j.kernel.info.DiagnosticsManager
2016-11-08 14:21:55.555+0000 INFO  [o.n.k.i.DiagnosticsManager] SYSTEM_MEMORY
2016-11-08 14:21:55.555+0000 INFO  [o.n.k.i.DiagnosticsManager] JAVA_MEMORY
2016-11-08 14:21:55.555+0000 INFO  [o.n.k.i.DiagnosticsManager] OPERATING_SYSTEM
2016-11-08 14:21:55.555+0000 INFO  [o.n.k.i.DiagnosticsManager] JAVA_VIRTUAL_MACHINE
2016-11-08 14:21:55.555+0000 INFO  [o.n.k.i.DiagnosticsManager] CLASSPATH
2016-11-08 14:21:55.555+0000 INFO  [o.n.k.i.DiagnosticsManager] LIBRARY_PATH
2016-11-08 14:21:55.555+0000 INFO  [o.n.k.i.DiagnosticsManager] SYSTEM_PROPERTIES
2016-11-08 14:21:55.555+0000 INFO  [o.n.k.i.DiagnosticsManager] NETWORK
2016-11-08 14:21:55.556+0000 INFO  [o.n.k.i.DiagnosticsManager] System memory information:
2016-11-08 14:21:55.562+0000 INFO  [o.n.k.i.DiagnosticsManager] Total Physical memory: 8.00 GB
2016-11-08 14:21:55.563+0000 INFO  [o.n.k.i.DiagnosticsManager] Free Physical memory: 2.53 GB
2016-11-08 14:21:55.563+0000 INFO  [o.n.k.i.DiagnosticsManager] Committed virtual memory: 5.80 GB
2016-11-08 14:21:55.564+0000 INFO  [o.n.k.i.DiagnosticsManager] Total swap space: 0.00 B
2016-11-08 14:21:55.564+0000 INFO  [o.n.k.i.DiagnosticsManager] Free swap space: 0.00 B
2016-11-08 14:21:55.564+0000 INFO  [o.n.k.i.DiagnosticsManager] JVM memory information:
2016-11-08 14:21:55.565+0000 INFO  [o.n.k.i.DiagnosticsManager] Free  memory: 86.98 MB
2016-11-08 14:21:55.565+0000 INFO  [o.n.k.i.DiagnosticsManager] Total memory: 128.00 MB
2016-11-08 14:21:55.565+0000 INFO  [o.n.k.i.DiagnosticsManager] Max   memory: 2.00 GB
2016-11-08 14:21:55.589+0000 INFO  [o.n.k.i.DiagnosticsManager] Garbage Collector: G1 Young Generation: [G1 Eden Space, G1 Survivor Space]
2016-11-08 14:21:55.590+0000 INFO  [o.n.k.i.DiagnosticsManager] Garbage Collector: G1 Old Generation: [G1 Eden Space, G1 Survivor Space, G1 Old Gen]
2016-11-08 14:21:55.592+0000 INFO  [o.n.k.i.DiagnosticsManager] Memory Pool: Code Cache (Non-heap memory): committed=3.69 MB, used=3.64 MB, max=240.00 MB, threshold=0.00 B
2016-11-08 14:21:55.593+0000 INFO  [o.n.k.i.DiagnosticsManager] Memory Pool: Metaspace (Non-heap memory): committed=10.75 MB, used=10.07 MB, max=-1.00 B, threshold=0.00 B
2016-11-08 14:21:55.594+0000 INFO  [o.n.k.i.DiagnosticsManager] Memory Pool: Compressed Class Space (Non-heap memory): committed=1.50 MB, used=1.29 MB, max=1.00 GB, threshold=0.00 B
2016-11-08 14:21:55.594+0000 INFO  [o.n.k.i.DiagnosticsManager] Memory Pool: G1 Eden Space (Heap memory): committed=14.00 MB, used=12.00 MB, max=-1.00 B, threshold=?
2016-11-08 14:21:55.595+0000 INFO  [o.n.k.i.DiagnosticsManager] Memory Pool: G1 Survivor Space (Heap memory): committed=1.00 MB, used=1.00 MB, max=-1.00 B, threshold=?
2016-11-08 14:21:55.596+0000 INFO  [o.n.k.i.DiagnosticsManager] Memory Pool: G1 Old Gen (Heap memory): committed=113.00 MB, used=27.50 MB, max=2.00 GB, threshold=0.00 B
2016-11-08 14:21:55.596+0000 INFO  [o.n.k.i.DiagnosticsManager] Operating system information:
2016-11-08 14:21:55.597+0000 INFO  [o.n.k.i.DiagnosticsManager] Operating System: Mac OS X; version: 10.11.5; arch: x86_64; cpus: 4
2016-11-08 14:21:55.598+0000 INFO  [o.n.k.i.DiagnosticsManager] Max number of file descriptors: 10240
2016-11-08 14:21:55.599+0000 INFO  [o.n.k.i.DiagnosticsManager] Number of open file descriptors: 90
2016-11-08 14:21:55.641+0000 INFO  [o.n.k.i.DiagnosticsManager] Process id: 1558@Shunsuke-no-MacBook-Air.local
2016-11-08 14:21:55.642+0000 INFO  [o.n.k.i.DiagnosticsManager] Byte order: LITTLE_ENDIAN
2016-11-08 14:21:55.642+0000 INFO  [o.n.k.i.DiagnosticsManager] Local timezone: Asia/Tokyo
2016-11-08 14:21:55.642+0000 INFO  [o.n.k.i.DiagnosticsManager] JVM information:
2016-11-08 14:21:55.642+0000 INFO  [o.n.k.i.DiagnosticsManager] VM Name: Java HotSpot(TM) 64-Bit Server VM
2016-11-08 14:21:55.642+0000 INFO  [o.n.k.i.DiagnosticsManager] VM Vendor: Oracle Corporation
2016-11-08 14:21:55.642+0000 INFO  [o.n.k.i.DiagnosticsManager] VM Version: 25.91-b14
2016-11-08 14:21:55.643+0000 INFO  [o.n.k.i.DiagnosticsManager] JIT compiler: HotSpot 64-Bit Tiered Compilers
2016-11-08 14:21:55.646+0000 INFO  [o.n.k.i.DiagnosticsManager] VM Arguments: [-XX:+UseG1GC, -XX:-OmitStackTraceInFastThrow, -XX:hashCode=5, -XX:+AlwaysPreTouch, -XX:+UnlockExperimentalVMOptions, -XX:+TrustFinalNonStaticFields, -XX:+DisableExplicitGC, -Djdk.tls.ephemeralDHKeySize=2048, -Dunsupported.dbms.udc.source=tarball, -Dfile.encoding=UTF-8]
2016-11-08 14:21:55.646+0000 INFO  [o.n.k.i.DiagnosticsManager] Java classpath:
2016-11-08 14:21:55.649+0000 INFO  [o.n.k.i.DiagnosticsManager]  [classpath + loader.0] file:/Users/shun/RailsProjects/skill_test/db/neo4j/development/lib/jersey-server-1.19.jar
2016-11-08 14:21:55.649+0000 INFO  [o.n.k.i.DiagnosticsManager]  [classpath + loader.0] file:/Users/shun/RailsProjects/skill_test/db/neo4j/development/lib/jackson-mapper-asl-1.9.13.jar
2016-11-08 14:21:55.649+0000 INFO  [o.n.k.i.DiagnosticsManager]  [bootstrap] /Library/Java/JavaVirtualMachines/jdk1.8.0_91.jdk/Contents/Home/jre/lib/charsets.jar
2016-11-08 14:21:55.649+0000 INFO  [o.n.k.i.DiagnosticsManager]  [classpath + loader.0] file:/Users/shun/RailsProjects/skill_test/db/neo4j/development/lib/server-api-3.0.7.jar
2016-11-08 14:21:55.649+0000 INFO  [o.n.k.i.DiagnosticsManager]  [classpath + loader.0] file:/Users/shun/RailsProjects/skill_test/db/neo4j/development/lib/jetty-servlet-9.2.9.v20150224.jar
2016-11-08 14:21:55.649+0000 INFO  [o.n.k.i.DiagnosticsManager]  [classpath + loader.0] file:/Users/shun/RailsProjects/skill_test/db/neo4j/development/lib/neo4j-bolt-3.0.7.jar
2016-11-08 14:21:55.649+0000 INFO  [o.n.k.i.DiagnosticsManager]  [classpath + loader.0] file:/Users/shun/RailsProjects/skill_test/db/neo4j/development/conf/
2016-11-08 14:21:55.649+0000 INFO  [o.n.k.i.DiagnosticsManager]  [classpath + loader.0] file:/Users/shun/RailsProjects/skill_test/db/neo4j/development/lib/jetty-xml-9.2.9.v20150224.jar
2016-11-08 14:21:55.649+0000 INFO  [o.n.k.i.DiagnosticsManager]  [classpath + loader.0] file:/Users/shun/RailsProjects/skill_test/db/neo4j/development/lib/commons-digester-2.1.jar
2016-11-08 14:21:55.649+0000 INFO  [o.n.k.i.DiagnosticsManager]  [classpath + loader.0] file:/Users/shun/RailsProjects/skill_test/db/neo4j/development/lib/jackson-core-asl-1.9.13.jar
2016-11-08 14:21:55.649+0000 INFO  [o.n.k.i.DiagnosticsManager]  [classpath + loader.0] file:/Users/shun/RailsProjects/skill_test/db/neo4j/development/lib/neo4j-resource-3.0.7.jar
2016-11-08 14:21:55.649+0000 INFO  [o.n.k.i.DiagnosticsManager]  [classpath + loader.0] file:/Users/shun/RailsProjects/skill_test/db/neo4j/development/lib/jetty-server-9.2.9.v20150224.jar
2016-11-08 14:21:55.649+0000 INFO  [o.n.k.i.DiagnosticsManager]  [classpath + loader.0] file:/Users/shun/RailsProjects/skill_test/db/neo4j/development/lib/scala-library-2.11.8.jar
2016-11-08 14:21:55.649+0000 INFO  [o.n.k.i.DiagnosticsManager]  [classpath + loader.0] file:/Users/shun/RailsProjects/skill_test/db/neo4j/development/lib/neo4j-udc-3.0.7.jar
2016-11-08 14:21:55.650+0000 INFO  [o.n.k.i.DiagnosticsManager]  [classpath + loader.0] file:/Users/shun/RailsProjects/skill_test/db/neo4j/development/lib/lucene-codecs-5.5.0.jar
2016-11-08 14:21:55.650+0000 INFO  [o.n.k.i.DiagnosticsManager]  [classpath + loader.0] file:/Users/shun/RailsProjects/skill_test/db/neo4j/development/lib/mimepull-1.9.3.jar
2016-11-08 14:21:55.650+0000 INFO  [o.n.k.i.DiagnosticsManager]  [classpath + loader.0] file:/Users/shun/RailsProjects/skill_test/db/neo4j/development/lib/scala-reflect-2.11.8.jar
2016-11-08 14:21:55.650+0000 INFO  [o.n.k.i.DiagnosticsManager]  [bootstrap] /Library/Java/JavaVirtualMachines/jdk1.8.0_91.jdk/Contents/Home/jre/lib/sunrsasign.jar
2016-11-08 14:21:55.650+0000 INFO  [o.n.k.i.DiagnosticsManager]  [classpath + loader.0] file:/Users/shun/RailsProjects/skill_test/db/neo4j/development/lib/neo4j-cypher-frontend-2.3-2.3.7.jar
2016-11-08 14:21:55.650+0000 INFO  [o.n.k.i.DiagnosticsManager]  [classpath + loader.0] file:/Users/shun/RailsProjects/skill_test/db/neo4j/development/lib/jersey-multipart-1.19.jar
2016-11-08 14:21:55.650+0000 INFO  [o.n.k.i.DiagnosticsManager]  [classpath + loader.0] file:/Users/shun/RailsProjects/skill_test/db/neo4j/development/lib/neo4j-lucene-upgrade-3.0.7.jar
2016-11-08 14:21:55.650+0000 INFO  [o.n.k.i.DiagnosticsManager]  [classpath + loader.0] file:/Users/shun/RailsProjects/skill_test/db/neo4j/development/lib/commons-lang-2.6.jar
2016-11-08 14:21:55.650+0000 INFO  [o.n.k.i.DiagnosticsManager]  [classpath + loader.0] file:/Users/shun/RailsProjects/skill_test/db/neo4j/development/lib/javax.servlet-api-3.1.0.jar
2016-11-08 14:21:55.650+0000 INFO  [o.n.k.i.DiagnosticsManager]  [classpath + loader.0] file:/Users/shun/RailsProjects/skill_test/db/neo4j/development/lib/commons-configuration-1.10.jar
2016-11-08 14:21:55.650+0000 INFO  [o.n.k.i.DiagnosticsManager]  [bootstrap] /Library/Java/JavaVirtualMachines/jdk1.8.0_91.jdk/Contents/Home/jre/lib/resources.jar
2016-11-08 14:21:55.650+0000 INFO  [o.n.k.i.DiagnosticsManager]  [classpath + loader.0] file:/Users/shun/RailsProjects/skill_test/db/neo4j/development/lib/jackson-jaxrs-1.9.13.jar
2016-11-08 14:21:55.650+0000 INFO  [o.n.k.i.DiagnosticsManager]  [loader.1] file:/Library/Java/JavaVirtualMachines/jdk1.8.0_91.jdk/Contents/Home/jre/lib/ext/sunec.jar
2016-11-08 14:21:55.650+0000 INFO  [o.n.k.i.DiagnosticsManager]  [classpath + loader.0] file:/Users/shun/RailsProjects/skill_test/db/neo4j/development/lib/parboiled-scala_2.11-1.1.7.jar
2016-11-08 14:21:55.650+0000 INFO  [o.n.k.i.DiagnosticsManager]  [classpath + loader.0] file:/Users/shun/RailsProjects/skill_test/db/neo4j/development/lib/concurrentlinkedhashmap-lru-1.4.2.jar
2016-11-08 14:21:55.651+0000 INFO  [o.n.k.i.DiagnosticsManager]  [loader.1] file:/Library/Java/JavaVirtualMachines/jdk1.8.0_91.jdk/Contents/Home/jre/lib/ext/cldrdata.jar
2016-11-08 14:21:55.651+0000 INFO  [o.n.k.i.DiagnosticsManager]  [classpath + loader.0] file:/Users/shun/RailsProjects/skill_test/db/neo4j/development/lib/neo4j-kernel-3.0.7.jar
2016-11-08 14:21:55.651+0000 INFO  [o.n.k.i.DiagnosticsManager]  [classpath + loader.0] file:/Users/shun/RailsProjects/skill_test/db/neo4j/development/lib/neo4j-server-3.0.7.jar
2016-11-08 14:21:55.651+0000 INFO  [o.n.k.i.DiagnosticsManager]  [classpath + loader.0] file:/Users/shun/RailsProjects/skill_test/db/neo4j/development/lib/parboiled-core-1.1.7.jar
2016-11-08 14:21:55.651+0000 INFO  [o.n.k.i.DiagnosticsManager]  [classpath + loader.0] file:/Users/shun/RailsProjects/skill_test/db/neo4j/development/lib/neo4j-collections-3.0.7.jar
2016-11-08 14:21:55.651+0000 INFO  [o.n.k.i.DiagnosticsManager]  [classpath + loader.0] file:/Users/shun/RailsProjects/skill_test/db/neo4j/development/lib/neo4j-logging-3.0.7.jar
2016-11-08 14:21:55.651+0000 INFO  [o.n.k.i.DiagnosticsManager]  [classpath + loader.0] file:/Users/shun/RailsProjects/skill_test/db/neo4j/development/lib/neo4j-primitive-collections-3.0.7.jar
2016-11-08 14:21:55.651+0000 INFO  [o.n.k.i.DiagnosticsManager]  [classpath + loader.0] file:/Users/shun/RailsProjects/skill_test/db/neo4j/development/lib/neo4j-shell-3.0.7.jar
2016-11-08 14:21:55.651+0000 INFO  [o.n.k.i.DiagnosticsManager]  [classpath + loader.0] file:/Users/shun/RailsProjects/skill_test/db/neo4j/development/lib/lucene-analyzers-common-5.5.0.jar
2016-11-08 14:21:55.651+0000 INFO  [o.n.k.i.DiagnosticsManager]  [classpath + loader.0] file:/Users/shun/RailsProjects/skill_test/db/neo4j/development/lib/neo4j-cypher-3.0.7.jar
2016-11-08 14:21:55.651+0000 INFO  [o.n.k.i.DiagnosticsManager]  [loader.1] file:/System/Library/Java/Extensions/MRJToolkit.jar
2016-11-08 14:21:55.651+0000 INFO  [o.n.k.i.DiagnosticsManager]  [classpath + loader.0] file:/Users/shun/RailsProjects/skill_test/db/neo4j/development/lib/neo4j-cypher-frontend-3.0-3.0.7.jar
2016-11-08 14:21:55.651+0000 INFO  [o.n.k.i.DiagnosticsManager]  [bootstrap] /Library/Java/JavaVirtualMachines/jdk1.8.0_91.jdk/Contents/Home/jre/lib/jce.jar
2016-11-08 14:21:55.651+0000 INFO  [o.n.k.i.DiagnosticsManager]  [classpath + loader.0] file:/Users/shun/RailsProjects/skill_test/db/neo4j/development/lib/bcprov-jdk15on-1.53.jar
2016-11-08 14:21:55.652+0000 INFO  [o.n.k.i.DiagnosticsManager]  [classpath + loader.0] file:/Users/shun/RailsProjects/skill_test/db/neo4j/development/lib/neo4j-consistency-check-3.0.7.jar
2016-11-08 14:21:55.652+0000 INFO  [o.n.k.i.DiagnosticsManager]  [classpath + loader.0] file:/Users/shun/RailsProjects/skill_test/db/neo4j/development/lib/neo4j-import-tool-3.0.7.jar
2016-11-08 14:21:55.652+0000 INFO  [o.n.k.i.DiagnosticsManager]  [classpath + loader.0] file:/Users/shun/RailsProjects/skill_test/db/neo4j/development/lib/jline-2.12.jar
2016-11-08 14:21:55.652+0000 INFO  [o.n.k.i.DiagnosticsManager]  [classpath + loader.0] file:/Users/shun/RailsProjects/skill_test/db/neo4j/development/lib/neo4j-codegen-3.0.7.jar
2016-11-08 14:21:55.652+0000 INFO  [o.n.k.i.DiagnosticsManager]  [classpath + loader.0] file:/Users/shun/RailsProjects/skill_test/db/neo4j/development/lib/neo4j-common-3.0.7.jar
2016-11-08 14:21:55.652+0000 INFO  [o.n.k.i.DiagnosticsManager]  [classpath + loader.0] file:/Users/shun/RailsProjects/skill_test/db/neo4j/development/lib/neo4j-graphdb-api-3.0.7.jar
2016-11-08 14:21:55.652+0000 INFO  [o.n.k.i.DiagnosticsManager]  [classpath + loader.0] file:/Users/shun/RailsProjects/skill_test/db/neo4j/development/lib/rhino-1.7R4.jar
2016-11-08 14:21:55.652+0000 INFO  [o.n.k.i.DiagnosticsManager]  [classpath + loader.0] file:/Users/shun/RailsProjects/skill_test/db/neo4j/development/lib/neo4j-csv-3.0.7.jar
2016-11-08 14:21:55.652+0000 INFO  [o.n.k.i.DiagnosticsManager]  [classpath + loader.0] file:/Users/shun/RailsProjects/skill_test/db/neo4j/development/lib/jetty-util-9.2.9.v20150224.jar
2016-11-08 14:21:55.652+0000 INFO  [o.n.k.i.DiagnosticsManager]  [loader.1] file:/Library/Java/JavaVirtualMachines/jdk1.8.0_91.jdk/Contents/Home/jre/lib/ext/zipfs.jar
2016-11-08 14:21:55.652+0000 INFO  [o.n.k.i.DiagnosticsManager]  [classpath + loader.0] file:/Users/shun/RailsProjects/skill_test/db/neo4j/development/lib/jetty-webapp-9.2.9.v20150224.jar
2016-11-08 14:21:55.652+0000 INFO  [o.n.k.i.DiagnosticsManager]  [loader.1] file:/Library/Java/JavaVirtualMachines/jdk1.8.0_91.jdk/Contents/Home/jre/lib/ext/jaccess.jar
2016-11-08 14:21:55.652+0000 INFO  [o.n.k.i.DiagnosticsManager]  [loader.1] file:/Library/Java/JavaVirtualMachines/jdk1.8.0_91.jdk/Contents/Home/jre/lib/ext/jfxrt.jar
2016-11-08 14:21:55.652+0000 INFO  [o.n.k.i.DiagnosticsManager]  [classpath + loader.0] file:/Users/shun/RailsProjects/skill_test/db/neo4j/development/lib/bcpkix-jdk15on-1.53.jar
2016-11-08 14:21:55.652+0000 INFO  [o.n.k.i.DiagnosticsManager]  [loader.1] file:/Library/Java/JavaVirtualMachines/jdk1.8.0_91.jdk/Contents/Home/jre/lib/ext/sunpkcs11.jar
2016-11-08 14:21:55.652+0000 INFO  [o.n.k.i.DiagnosticsManager]  [classpath + loader.0] file:/Users/shun/RailsProjects/skill_test/db/neo4j/development/lib/neo4j-graph-matching-3.0.7.jar
2016-11-08 14:21:55.652+0000 INFO  [o.n.k.i.DiagnosticsManager]  [classpath + loader.0] file:/Users/shun/RailsProjects/skill_test/db/neo4j/development/lib/neo4j-jmx-3.0.7.jar
2016-11-08 14:21:55.652+0000 INFO  [o.n.k.i.DiagnosticsManager]  [classpath + loader.0] file:/Users/shun/RailsProjects/skill_test/db/neo4j/development/lib/lucene-queryparser-5.5.0.jar
2016-11-08 14:21:55.652+0000 INFO  [o.n.k.i.DiagnosticsManager]  [classpath + loader.0] file:/Users/shun/RailsProjects/skill_test/db/neo4j/development/lib/jersey-servlet-1.19.jar
2016-11-08 14:21:55.652+0000 INFO  [o.n.k.i.DiagnosticsManager]  [classpath + loader.0] file:/Users/shun/RailsProjects/skill_test/db/neo4j/development/lib/jetty-http-9.2.9.v20150224.jar
2016-11-08 14:21:55.653+0000 INFO  [o.n.k.i.DiagnosticsManager]  [classpath + loader.0] file:/Users/shun/RailsProjects/skill_test/db/neo4j/development/lib/jsr311-api-1.1.2.r612.jar
2016-11-08 14:21:55.653+0000 INFO  [o.n.k.i.DiagnosticsManager]  [bootstrap] /Library/Java/JavaVirtualMachines/jdk1.8.0_91.jdk/Contents/Home/jre/classes
2016-11-08 14:21:55.653+0000 INFO  [o.n.k.i.DiagnosticsManager]  [classpath + loader.0] file:/Users/shun/RailsProjects/skill_test/db/neo4j/development/lib/asm-5.0.2.jar
2016-11-08 14:21:55.653+0000 INFO  [o.n.k.i.DiagnosticsManager]  [classpath + loader.0] file:/Users/shun/RailsProjects/skill_test/db/neo4j/development/lib/jersey-core-1.19.jar
2016-11-08 14:21:55.653+0000 INFO  [o.n.k.i.DiagnosticsManager]  [classpath + loader.0] file:/Users/shun/RailsProjects/skill_test/db/neo4j/development/lib/neo4j-cypher-compiler-2.3-2.3.7.jar
2016-11-08 14:21:55.653+0000 INFO  [o.n.k.i.DiagnosticsManager]  [classpath + loader.0] file:/Users/shun/RailsProjects/skill_test/db/neo4j/development/plugins/*
2016-11-08 14:21:55.653+0000 INFO  [o.n.k.i.DiagnosticsManager]  [classpath + loader.0] file:/Users/shun/RailsProjects/skill_test/db/neo4j/development/lib/neo4j-browser-1.1.9.jar
2016-11-08 14:21:55.653+0000 INFO  [o.n.k.i.DiagnosticsManager]  [bootstrap] /Library/Java/JavaVirtualMachines/jdk1.8.0_91.jdk/Contents/Home/jre/lib/jsse.jar
2016-11-08 14:21:55.653+0000 INFO  [o.n.k.i.DiagnosticsManager]  [classpath + loader.0] file:/Users/shun/RailsProjects/skill_test/db/neo4j/development/lib/lucene-core-5.5.0.jar
2016-11-08 14:21:55.653+0000 INFO  [o.n.k.i.DiagnosticsManager]  [classpath + loader.0] file:/Users/shun/RailsProjects/skill_test/db/neo4j/development/lib/neo4j-io-3.0.7.jar
2016-11-08 14:21:55.653+0000 INFO  [o.n.k.i.DiagnosticsManager]  [classpath + loader.0] file:/Users/shun/RailsProjects/skill_test/db/neo4j/development/lib/neo4j-dbms-3.0.7.jar
2016-11-08 14:21:55.653+0000 INFO  [o.n.k.i.DiagnosticsManager]  [classpath + loader.0] file:/Users/shun/RailsProjects/skill_test/db/neo4j/development/lib/neo4j-security-3.0.7.jar
2016-11-08 14:21:55.653+0000 INFO  [o.n.k.i.DiagnosticsManager]  [loader.1] file:/Library/Java/JavaVirtualMachines/jdk1.8.0_91.jdk/Contents/Home/jre/lib/ext/dnsns.jar
2016-11-08 14:21:55.653+0000 INFO  [o.n.k.i.DiagnosticsManager]  [classpath + loader.0] file:/Users/shun/RailsProjects/skill_test/db/neo4j/development/plugins/
2016-11-08 14:21:55.653+0000 INFO  [o.n.k.i.DiagnosticsManager]  [classpath + loader.0] file:/Users/shun/RailsProjects/skill_test/db/neo4j/development/lib/commons-beanutils-1.8.3.jar
2016-11-08 14:21:55.653+0000 INFO  [o.n.k.i.DiagnosticsManager]  [loader.1] file:/Library/Java/JavaVirtualMachines/jdk1.8.0_91.jdk/Contents/Home/jre/lib/ext/localedata.jar
2016-11-08 14:21:55.653+0000 INFO  [o.n.k.i.DiagnosticsManager]  [classpath + loader.0] file:/Users/shun/RailsProjects/skill_test/db/neo4j/development/lib/commons-io-2.4.jar
2016-11-08 14:21:55.653+0000 INFO  [o.n.k.i.DiagnosticsManager]  [classpath + loader.0] file:/Users/shun/RailsProjects/skill_test/db/neo4j/development/lib/jetty-security-9.2.9.v20150224.jar
2016-11-08 14:21:55.653+0000 INFO  [o.n.k.i.DiagnosticsManager]  [classpath + loader.0] file:/Users/shun/RailsProjects/skill_test/db/neo4j/development/lib/opencsv-2.3.jar
2016-11-08 14:21:55.654+0000 INFO  [o.n.k.i.DiagnosticsManager]  [classpath + loader.0] file:/Users/shun/RailsProjects/skill_test/db/neo4j/development/lib/neo4j-command-line-3.0.7.jar
2016-11-08 14:21:55.654+0000 INFO  [o.n.k.i.DiagnosticsManager]  [classpath + loader.0] file:/Users/shun/RailsProjects/skill_test/db/neo4j/development/lib/commons-lang3-3.3.2.jar
2016-11-08 14:21:55.654+0000 INFO  [o.n.k.i.DiagnosticsManager]  [classpath + loader.0] file:/Users/shun/RailsProjects/skill_test/db/neo4j/development/lib/commons-logging-1.1.1.jar
2016-11-08 14:21:55.654+0000 INFO  [o.n.k.i.DiagnosticsManager]  [classpath + loader.0] file:/Users/shun/RailsProjects/skill_test/db/neo4j/development/lib/neo4j-lucene-index-3.0.7.jar
2016-11-08 14:21:55.654+0000 INFO  [o.n.k.i.DiagnosticsManager]  [loader.1] file:/Library/Java/JavaVirtualMachines/jdk1.8.0_91.jdk/Contents/Home/jre/lib/ext/sunjce_provider.jar
2016-11-08 14:21:55.654+0000 INFO  [o.n.k.i.DiagnosticsManager]  [loader.1] file:/Library/Java/JavaVirtualMachines/jdk1.8.0_91.jdk/Contents/Home/jre/lib/ext/nashorn.jar
2016-11-08 14:21:55.654+0000 INFO  [o.n.k.i.DiagnosticsManager]  [classpath + loader.0] file:/Users/shun/RailsProjects/skill_test/db/neo4j/development/lib/neo4j-unsafe-3.0.7.jar
2016-11-08 14:21:55.654+0000 INFO  [o.n.k.i.DiagnosticsManager]  [classpath + loader.0] file:/Users/shun/RailsProjects/skill_test/db/neo4j/development/lib/neo4j-graph-algo-3.0.7.jar
2016-11-08 14:21:55.654+0000 INFO  [o.n.k.i.DiagnosticsManager]  [classpath + loader.0] file:/Users/shun/RailsProjects/skill_test/db/neo4j/development/lib/netty-all-4.0.28.Final.jar
2016-11-08 14:21:55.654+0000 INFO  [o.n.k.i.DiagnosticsManager]  [bootstrap] /Library/Java/JavaVirtualMachines/jdk1.8.0_91.jdk/Contents/Home/jre/lib/rt.jar
2016-11-08 14:21:55.654+0000 INFO  [o.n.k.i.DiagnosticsManager]  [bootstrap] /Library/Java/JavaVirtualMachines/jdk1.8.0_91.jdk/Contents/Home/jre/lib/jfr.jar
2016-11-08 14:21:55.654+0000 INFO  [o.n.k.i.DiagnosticsManager]  [classpath + loader.0] file:/Users/shun/RailsProjects/skill_test/db/neo4j/development/lib/jetty-io-9.2.9.v20150224.jar
2016-11-08 14:21:55.654+0000 INFO  [o.n.k.i.DiagnosticsManager]  [classpath + loader.0] file:/Users/shun/RailsProjects/skill_test/db/neo4j/development/lib/neo4j-cypher-compiler-3.0-3.0.7.jar
2016-11-08 14:21:55.654+0000 INFO  [o.n.k.i.DiagnosticsManager] Library path:
2016-11-08 14:21:55.655+0000 INFO  [o.n.k.i.DiagnosticsManager] /Users/shun/Library/Java/Extensions
2016-11-08 14:21:55.655+0000 INFO  [o.n.k.i.DiagnosticsManager] /Library/Java/Extensions
2016-11-08 14:21:55.655+0000 INFO  [o.n.k.i.DiagnosticsManager] /Network/Library/Java/Extensions
2016-11-08 14:21:55.655+0000 INFO  [o.n.k.i.DiagnosticsManager] /System/Library/Java/Extensions
2016-11-08 14:21:55.655+0000 INFO  [o.n.k.i.DiagnosticsManager] /usr/lib/java
2016-11-08 14:21:55.655+0000 INFO  [o.n.k.i.DiagnosticsManager] /Users/shun/RailsProjects/skill_test
2016-11-08 14:21:55.655+0000 INFO  [o.n.k.i.DiagnosticsManager] System.properties:
2016-11-08 14:21:55.658+0000 INFO  [o.n.k.i.DiagnosticsManager] sun.boot.library.path = /Library/Java/JavaVirtualMachines/jdk1.8.0_91.jdk/Contents/Home/jre/lib
2016-11-08 14:21:55.658+0000 INFO  [o.n.k.i.DiagnosticsManager] gopherProxySet = false
2016-11-08 14:21:55.658+0000 INFO  [o.n.k.i.DiagnosticsManager] path.separator = :
2016-11-08 14:21:55.658+0000 INFO  [o.n.k.i.DiagnosticsManager] file.encoding.pkg = sun.io
2016-11-08 14:21:55.658+0000 INFO  [o.n.k.i.DiagnosticsManager] user.country = JP
2016-11-08 14:21:55.658+0000 INFO  [o.n.k.i.DiagnosticsManager] sun.java.launcher = SUN_STANDARD
2016-11-08 14:21:55.658+0000 INFO  [o.n.k.i.DiagnosticsManager] sun.os.patch.level = unknown
2016-11-08 14:21:55.658+0000 INFO  [o.n.k.i.DiagnosticsManager] user.dir = /Users/shun/RailsProjects/skill_test
2016-11-08 14:21:55.658+0000 INFO  [o.n.k.i.DiagnosticsManager] sun.jnu.encoding = UTF-8
2016-11-08 14:21:55.658+0000 INFO  [o.n.k.i.DiagnosticsManager] unsupported.dbms.udc.source = tarball
2016-11-08 14:21:55.658+0000 INFO  [o.n.k.i.DiagnosticsManager] sun.management.compiler = HotSpot 64-Bit Tiered Compilers
2016-11-08 14:21:55.658+0000 INFO  [o.n.k.i.DiagnosticsManager] http.nonProxyHosts = local|*.local|169.254/16|*.169.254/16
2016-11-08 14:21:55.658+0000 INFO  [o.n.k.i.DiagnosticsManager] user.home = /Users/shun
2016-11-08 14:21:55.658+0000 INFO  [o.n.k.i.DiagnosticsManager] user.timezone = Asia/Tokyo
2016-11-08 14:21:55.659+0000 INFO  [o.n.k.i.DiagnosticsManager] file.encoding = UTF-8
2016-11-08 14:21:55.659+0000 INFO  [o.n.k.i.DiagnosticsManager] user.name = shun
2016-11-08 14:21:55.659+0000 INFO  [o.n.k.i.DiagnosticsManager] sun.java.command = org.neo4j.server.CommunityEntryPoint --home-dir=/Users/shun/RailsProjects/skill_test/db/neo4j/development --config-dir=/Users/shun/RailsProjects/skill_test/db/neo4j/development/conf
2016-11-08 14:21:55.659+0000 INFO  [o.n.k.i.DiagnosticsManager] sun.arch.data.model = 64
2016-11-08 14:21:55.659+0000 INFO  [o.n.k.i.DiagnosticsManager] user.language = ja
2016-11-08 14:21:55.659+0000 INFO  [o.n.k.i.DiagnosticsManager] awt.toolkit = sun.lwawt.macosx.LWCToolkit
2016-11-08 14:21:55.659+0000 INFO  [o.n.k.i.DiagnosticsManager] jdk.tls.ephemeralDHKeySize = 2048
2016-11-08 14:21:55.659+0000 INFO  [o.n.k.i.DiagnosticsManager] file.separator = /
2016-11-08 14:21:55.659+0000 INFO  [o.n.k.i.DiagnosticsManager] sun.io.unicode.encoding = UnicodeBig
2016-11-08 14:21:55.659+0000 INFO  [o.n.k.i.DiagnosticsManager] sun.cpu.endian = little
2016-11-08 14:21:55.659+0000 INFO  [o.n.k.i.DiagnosticsManager] socksNonProxyHosts = local|*.local|169.254/16|*.169.254/16
2016-11-08 14:21:55.659+0000 INFO  [o.n.k.i.DiagnosticsManager] ftp.nonProxyHosts = local|*.local|169.254/16|*.169.254/16
2016-11-08 14:21:55.659+0000 INFO  [o.n.k.i.DiagnosticsManager] sun.cpu.isalist = 
2016-11-08 14:21:55.659+0000 INFO  [o.n.k.i.DiagnosticsManager] Network information:
2016-11-08 14:21:55.668+0000 INFO  [o.n.k.i.DiagnosticsManager] Interface awdl0:
2016-11-08 14:21:55.669+0000 INFO  [o.n.k.i.DiagnosticsManager]     address: fe80:0:0:0:6002:15ff:fe55:a9a5%awdl0
2016-11-08 14:21:55.669+0000 INFO  [o.n.k.i.DiagnosticsManager] Interface en0:
2016-11-08 14:21:55.673+0000 INFO  [o.n.k.i.DiagnosticsManager]     address: fe80:0:0:0:a6d1:8cff:fec4:a34e%en0
2016-11-08 14:21:55.673+0000 INFO  [o.n.k.i.DiagnosticsManager]     address: 192.168.0.101
2016-11-08 14:21:55.673+0000 INFO  [o.n.k.i.DiagnosticsManager] Interface lo0:
2016-11-08 14:21:55.673+0000 INFO  [o.n.k.i.DiagnosticsManager]     address: fe80:0:0:0:0:0:0:1%lo0
2016-11-08 14:21:55.674+0000 INFO  [o.n.k.i.DiagnosticsManager]     address: 0:0:0:0:0:0:0:1
2016-11-08 14:21:55.674+0000 INFO  [o.n.k.i.DiagnosticsManager]     address: 127.0.0.1
2016-11-08 14:21:55.674+0000 INFO  [o.n.k.i.DiagnosticsManager] --- INITIALIZED diagnostics END ---
2016-11-08 14:21:57.255+0000 INFO  [o.n.b.v.r.Sessions] Bolt Server extension loaded.
2016-11-08 14:21:57.256+0000 INFO  [o.n.b.v.r.Sessions] Bolt enabled on localhost:7472.
2016-11-08 14:21:57.835+0000 INFO  [o.n.k.i.s.f.RecordFormatSelector] Selected RecordFormat:StandardV3_0[v0.A.7] record format from store /Users/shun/RailsProjects/skill_test/db/neo4j/development/data/databases/graph.db
2016-11-08 14:21:57.964+0000 INFO  [o.n.k.i.s.f.RecordFormatSelector] Format not configured. Selected format from the store: RecordFormat:StandardV3_0[v0.A.7]
2016-11-08 14:21:59.615+0000 INFO  [o.n.k.i.DatabaseHealth] Database health set to OK
2016-11-08 14:22:01.450+0000 INFO  [o.n.k.AvailabilityGuard] Fulfilling of requirement makes database available: Database available
2016-11-08 14:22:01.451+0000 INFO  [o.n.k.i.f.CommunityFacadeFactory] Database is now ready
2016-11-08 14:22:01.452+0000 INFO  [o.n.k.i.DiagnosticsManager] --- STARTED diagnostics for KernelDiagnostics:Versions START ---
2016-11-08 14:22:01.453+0000 INFO  [o.n.k.i.DiagnosticsManager] Graph Database: community single StoreId{creationTime=1478607076381, randomId=-2301253049291917340, storeVersion=15531981201765894, upgradeTime=1478607076381, upgradeId=1}
2016-11-08 14:22:01.453+0000 INFO  [o.n.k.i.DiagnosticsManager] Kernel version: 3.0.7,844933cd439bde936b04e66f1c0ca8d617794a0a
2016-11-08 14:22:01.453+0000 INFO  [o.n.k.i.DiagnosticsManager] --- STARTED diagnostics for KernelDiagnostics:Versions END ---
2016-11-08 14:22:01.455+0000 INFO  [o.n.k.i.DiagnosticsManager] --- STARTED diagnostics for NEO_STORE_VERSIONS START ---
2016-11-08 14:22:01.455+0000 INFO  [o.n.k.i.DiagnosticsManager] Store versions:
2016-11-08 14:22:01.455+0000 INFO  [o.n.k.i.DiagnosticsManager] Store versions:
2016-11-08 14:22:01.455+0000 INFO  [o.n.k.i.DiagnosticsManager]   ArrayPropertyStore v0.A.7
2016-11-08 14:22:01.456+0000 INFO  [o.n.k.i.DiagnosticsManager]   NodeStore v0.A.7
2016-11-08 14:22:01.456+0000 INFO  [o.n.k.i.DiagnosticsManager]   StringPropertyStore v0.A.7
2016-11-08 14:22:01.456+0000 INFO  [o.n.k.i.DiagnosticsManager]   PropertyIndexStore v0.A.7
2016-11-08 14:22:01.456+0000 INFO  [o.n.k.i.DiagnosticsManager]   StringPropertyStore v0.A.7
2016-11-08 14:22:01.456+0000 INFO  [o.n.k.i.DiagnosticsManager]   ArrayPropertyStore v0.A.7
2016-11-08 14:22:01.456+0000 INFO  [o.n.k.i.DiagnosticsManager]   PropertyStore v0.A.7
2016-11-08 14:22:01.456+0000 INFO  [o.n.k.i.DiagnosticsManager]   RelationshipStore v0.A.7
2016-11-08 14:22:01.456+0000 INFO  [o.n.k.i.DiagnosticsManager]   StringPropertyStore v0.A.7
2016-11-08 14:22:01.456+0000 INFO  [o.n.k.i.DiagnosticsManager]   RelationshipTypeStore v0.A.7
2016-11-08 14:22:01.456+0000 INFO  [o.n.k.i.DiagnosticsManager]   StringPropertyStore v0.A.7
2016-11-08 14:22:01.456+0000 INFO  [o.n.k.i.DiagnosticsManager]   LabelTokenStore v0.A.7
2016-11-08 14:22:01.456+0000 INFO  [o.n.k.i.DiagnosticsManager]   SchemaStore v0.A.7
2016-11-08 14:22:01.456+0000 INFO  [o.n.k.i.DiagnosticsManager]   RelationshipGroupStore v0.A.7
2016-11-08 14:22:01.457+0000 INFO  [o.n.k.i.DiagnosticsManager]   NeoStore v0.A.7
2016-11-08 14:22:01.457+0000 INFO  [o.n.k.i.DiagnosticsManager] --- STARTED diagnostics for NEO_STORE_VERSIONS END ---
2016-11-08 14:22:01.457+0000 INFO  [o.n.k.i.DiagnosticsManager] --- STARTED diagnostics for NEO_STORE_ID_USAGE START ---
2016-11-08 14:22:01.457+0000 INFO  [o.n.k.i.DiagnosticsManager] Id usage:
2016-11-08 14:22:01.457+0000 INFO  [o.n.k.i.DiagnosticsManager] Id usage:
2016-11-08 14:22:01.457+0000 INFO  [o.n.k.i.DiagnosticsManager]   ArrayPropertyStore: used=1 high=0
2016-11-08 14:22:01.457+0000 INFO  [o.n.k.i.DiagnosticsManager]   NodeStore: used=0 high=-1
2016-11-08 14:22:01.457+0000 INFO  [o.n.k.i.DiagnosticsManager]   StringPropertyStore: used=1 high=0
2016-11-08 14:22:01.458+0000 INFO  [o.n.k.i.DiagnosticsManager]   PropertyIndexStore: used=0 high=-1
2016-11-08 14:22:01.458+0000 INFO  [o.n.k.i.DiagnosticsManager]   StringPropertyStore: used=1 high=0
2016-11-08 14:22:01.458+0000 INFO  [o.n.k.i.DiagnosticsManager]   ArrayPropertyStore: used=1 high=0
2016-11-08 14:22:01.458+0000 INFO  [o.n.k.i.DiagnosticsManager]   PropertyStore: used=0 high=-1
2016-11-08 14:22:01.458+0000 INFO  [o.n.k.i.DiagnosticsManager]   RelationshipStore: used=0 high=-1
2016-11-08 14:22:01.458+0000 INFO  [o.n.k.i.DiagnosticsManager]   StringPropertyStore: used=1 high=0
2016-11-08 14:22:01.458+0000 INFO  [o.n.k.i.DiagnosticsManager]   RelationshipTypeStore: used=0 high=-1
2016-11-08 14:22:01.458+0000 INFO  [o.n.k.i.DiagnosticsManager]   StringPropertyStore: used=1 high=0
2016-11-08 14:22:01.458+0000 INFO  [o.n.k.i.DiagnosticsManager]   LabelTokenStore: used=0 high=-1
2016-11-08 14:22:01.458+0000 INFO  [o.n.k.i.DiagnosticsManager]   SchemaStore: used=1 high=0
2016-11-08 14:22:01.459+0000 INFO  [o.n.k.i.DiagnosticsManager]   RelationshipGroupStore: used=1 high=0
2016-11-08 14:22:01.459+0000 INFO  [o.n.k.i.DiagnosticsManager]   NeoStore: used=15 high=14
2016-11-08 14:22:01.459+0000 INFO  [o.n.k.i.DiagnosticsManager] --- STARTED diagnostics for NEO_STORE_ID_USAGE END ---
2016-11-08 14:22:01.459+0000 INFO  [o.n.k.i.DiagnosticsManager] --- STARTED diagnostics for NEO_STORE_RECORDS START ---
2016-11-08 14:22:01.459+0000 INFO  [o.n.k.i.DiagnosticsManager] Neostore records:
2016-11-08 14:22:01.460+0000 INFO  [o.n.k.i.DiagnosticsManager] TIME (Creation time): 1478607076381
2016-11-08 14:22:01.460+0000 INFO  [o.n.k.i.DiagnosticsManager] RANDOM_NUMBER (Random number for store id): -2301253049291917340
2016-11-08 14:22:01.460+0000 INFO  [o.n.k.i.DiagnosticsManager] LOG_VERSION (Current log version): 0
2016-11-08 14:22:01.460+0000 INFO  [o.n.k.i.DiagnosticsManager] LAST_TRANSACTION_ID (Last committed transaction): 1
2016-11-08 14:22:01.460+0000 INFO  [o.n.k.i.DiagnosticsManager] STORE_VERSION (Store format version): 15531981201765894
2016-11-08 14:22:01.460+0000 INFO  [o.n.k.i.DiagnosticsManager] FIRST_GRAPH_PROPERTY (First property record containing graph properties): -1
2016-11-08 14:22:01.460+0000 INFO  [o.n.k.i.DiagnosticsManager] LAST_CONSTRAINT_TRANSACTION (Last committed transaction containing constraint changes): 0
2016-11-08 14:22:01.460+0000 INFO  [o.n.k.i.DiagnosticsManager] UPGRADE_TRANSACTION_ID (Transaction id most recent upgrade was performed at): 1
2016-11-08 14:22:01.460+0000 INFO  [o.n.k.i.DiagnosticsManager] UPGRADE_TIME (Time of last upgrade): 1478607076381
2016-11-08 14:22:01.460+0000 INFO  [o.n.k.i.DiagnosticsManager] LAST_TRANSACTION_CHECKSUM (Checksum of last committed transaction): 0
2016-11-08 14:22:01.460+0000 INFO  [o.n.k.i.DiagnosticsManager] UPGRADE_TRANSACTION_CHECKSUM (Checksum of transaction id the most recent upgrade was performed at): 0
2016-11-08 14:22:01.460+0000 INFO  [o.n.k.i.DiagnosticsManager] LAST_CLOSED_TRANSACTION_LOG_VERSION (Log version where the last transaction commit entry has been written into): 0
2016-11-08 14:22:01.460+0000 INFO  [o.n.k.i.DiagnosticsManager] LAST_CLOSED_TRANSACTION_LOG_BYTE_OFFSET (Byte offset in the log file where the last transaction commit entry has been written into): 16
2016-11-08 14:22:01.460+0000 INFO  [o.n.k.i.DiagnosticsManager] LAST_TRANSACTION_COMMIT_TIMESTAMP (Commit time timestamp for last committed transaction): 0
2016-11-08 14:22:01.460+0000 INFO  [o.n.k.i.DiagnosticsManager] UPGRADE_TRANSACTION_COMMIT_TIMESTAMP (Commit timestamp of transaction the most recent upgrade was performed at): 0
2016-11-08 14:22:01.460+0000 INFO  [o.n.k.i.DiagnosticsManager] --- STARTED diagnostics for NEO_STORE_RECORDS END ---
2016-11-08 14:22:01.461+0000 INFO  [o.n.k.i.DiagnosticsManager] --- STARTED diagnostics for TRANSACTION_RANGE START ---
2016-11-08 14:22:01.461+0000 INFO  [o.n.k.i.DiagnosticsManager] Transaction log:
2016-11-08 14:22:01.462+0000 INFO  [o.n.k.i.DiagnosticsManager] Oldest transaction 2 found in log with version 0
2016-11-08 14:22:01.462+0000 INFO  [o.n.k.i.DiagnosticsManager] --- STARTED diagnostics for TRANSACTION_RANGE END ---
2016-11-08 14:22:01.463+0000 INFO  [o.n.k.i.DiagnosticsManager] --- STARTED diagnostics for KernelDiagnostics:StoreFiles START ---
2016-11-08 14:22:01.463+0000 INFO  [o.n.k.i.DiagnosticsManager] Disk space on partition (Total / Free / Free %): 120108089344 / 10824642560 / 9
Storage files: (filename : modification date - size)
2016-11-08 14:22:01.464+0000 INFO  [o.n.k.i.DiagnosticsManager]   index:
2016-11-08 14:22:01.464+0000 INFO  [o.n.k.i.DiagnosticsManager]   - Total: 2016-11-08T21:11:16+0900 - 0.00 B
2016-11-08 14:22:01.464+0000 INFO  [o.n.k.i.DiagnosticsManager]   neostore: 2016-11-08T21:11:16+0900 - 8.00 kB
2016-11-08 14:22:01.464+0000 INFO  [o.n.k.i.DiagnosticsManager]   neostore.counts.db.a: 2016-11-08T21:22:59+0900 - 512.00 B
2016-11-08 14:22:01.465+0000 INFO  [o.n.k.i.DiagnosticsManager]   neostore.id: 2016-11-08T23:21:58+0900 - 9.00 B
2016-11-08 14:22:01.465+0000 INFO  [o.n.k.i.DiagnosticsManager]   neostore.labeltokenstore.db: 2016-11-08T21:11:16+0900 - 0.00 B
2016-11-08 14:22:01.465+0000 INFO  [o.n.k.i.DiagnosticsManager]   neostore.labeltokenstore.db.id: 2016-11-08T23:21:58+0900 - 9.00 B
2016-11-08 14:22:01.465+0000 INFO  [o.n.k.i.DiagnosticsManager]   neostore.labeltokenstore.db.names: 2016-11-08T21:11:16+0900 - 8.00 kB
2016-11-08 14:22:01.465+0000 INFO  [o.n.k.i.DiagnosticsManager]   neostore.labeltokenstore.db.names.id: 2016-11-08T23:21:58+0900 - 9.00 B
2016-11-08 14:22:01.466+0000 INFO  [o.n.k.i.DiagnosticsManager]   neostore.nodestore.db: 2016-11-08T21:11:16+0900 - 0.00 B
2016-11-08 14:22:01.466+0000 INFO  [o.n.k.i.DiagnosticsManager]   neostore.nodestore.db.id: 2016-11-08T23:21:58+0900 - 9.00 B
2016-11-08 14:22:01.466+0000 INFO  [o.n.k.i.DiagnosticsManager]   neostore.nodestore.db.labels: 2016-11-08T21:11:16+0900 - 8.00 kB
2016-11-08 14:22:01.466+0000 INFO  [o.n.k.i.DiagnosticsManager]   neostore.nodestore.db.labels.id: 2016-11-08T23:21:58+0900 - 9.00 B
2016-11-08 14:22:01.466+0000 INFO  [o.n.k.i.DiagnosticsManager]   neostore.propertystore.db: 2016-11-08T21:11:16+0900 - 0.00 B
2016-11-08 14:22:01.467+0000 INFO  [o.n.k.i.DiagnosticsManager]   neostore.propertystore.db.arrays: 2016-11-08T21:11:16+0900 - 8.00 kB
2016-11-08 14:22:01.467+0000 INFO  [o.n.k.i.DiagnosticsManager]   neostore.propertystore.db.arrays.id: 2016-11-08T23:21:58+0900 - 9.00 B
2016-11-08 14:22:01.467+0000 INFO  [o.n.k.i.DiagnosticsManager]   neostore.propertystore.db.id: 2016-11-08T23:21:58+0900 - 9.00 B
2016-11-08 14:22:01.467+0000 INFO  [o.n.k.i.DiagnosticsManager]   neostore.propertystore.db.index: 2016-11-08T21:11:16+0900 - 0.00 B
2016-11-08 14:22:01.468+0000 INFO  [o.n.k.i.DiagnosticsManager]   neostore.propertystore.db.index.id: 2016-11-08T23:21:58+0900 - 9.00 B
2016-11-08 14:22:01.468+0000 INFO  [o.n.k.i.DiagnosticsManager]   neostore.propertystore.db.index.keys: 2016-11-08T21:11:16+0900 - 8.00 kB
2016-11-08 14:22:01.468+0000 INFO  [o.n.k.i.DiagnosticsManager]   neostore.propertystore.db.index.keys.id: 2016-11-08T23:21:58+0900 - 9.00 B
2016-11-08 14:22:01.468+0000 INFO  [o.n.k.i.DiagnosticsManager]   neostore.propertystore.db.strings: 2016-11-08T21:11:16+0900 - 8.00 kB
2016-11-08 14:22:01.468+0000 INFO  [o.n.k.i.DiagnosticsManager]   neostore.propertystore.db.strings.id: 2016-11-08T23:21:58+0900 - 9.00 B
2016-11-08 14:22:01.469+0000 INFO  [o.n.k.i.DiagnosticsManager]   neostore.relationshipgroupstore.db: 2016-11-08T21:11:16+0900 - 8.00 kB
2016-11-08 14:22:01.469+0000 INFO  [o.n.k.i.DiagnosticsManager]   neostore.relationshipgroupstore.db.id: 2016-11-08T23:21:58+0900 - 9.00 B
2016-11-08 14:22:01.469+0000 INFO  [o.n.k.i.DiagnosticsManager]   neostore.relationshipstore.db: 2016-11-08T21:11:16+0900 - 0.00 B
2016-11-08 14:22:01.469+0000 INFO  [o.n.k.i.DiagnosticsManager]   neostore.relationshipstore.db.id: 2016-11-08T23:21:58+0900 - 9.00 B
2016-11-08 14:22:01.470+0000 INFO  [o.n.k.i.DiagnosticsManager]   neostore.relationshiptypestore.db: 2016-11-08T21:11:16+0900 - 0.00 B
2016-11-08 14:22:01.470+0000 INFO  [o.n.k.i.DiagnosticsManager]   neostore.relationshiptypestore.db.id: 2016-11-08T23:21:58+0900 - 9.00 B
2016-11-08 14:22:01.470+0000 INFO  [o.n.k.i.DiagnosticsManager]   neostore.relationshiptypestore.db.names: 2016-11-08T21:11:16+0900 - 8.00 kB
2016-11-08 14:22:01.470+0000 INFO  [o.n.k.i.DiagnosticsManager]   neostore.relationshiptypestore.db.names.id: 2016-11-08T23:21:58+0900 - 9.00 B
2016-11-08 14:22:01.470+0000 INFO  [o.n.k.i.DiagnosticsManager]   neostore.schemastore.db: 2016-11-08T21:11:16+0900 - 8.00 kB
2016-11-08 14:22:01.471+0000 INFO  [o.n.k.i.DiagnosticsManager]   neostore.schemastore.db.id: 2016-11-08T23:21:58+0900 - 9.00 B
2016-11-08 14:22:01.471+0000 INFO  [o.n.k.i.DiagnosticsManager]   neostore.transaction.db.0: 2016-11-08T21:11:21+0900 - 34.00 B
2016-11-08 14:22:01.471+0000 INFO  [o.n.k.i.DiagnosticsManager]   schema:
2016-11-08 14:22:01.471+0000 INFO  [o.n.k.i.DiagnosticsManager]     label:
2016-11-08 14:22:01.471+0000 INFO  [o.n.k.i.DiagnosticsManager]       lucene:
2016-11-08 14:22:01.471+0000 INFO  [o.n.k.i.DiagnosticsManager]         labelStore:
2016-11-08 14:22:01.471+0000 INFO  [o.n.k.i.DiagnosticsManager]           1:
2016-11-08 14:22:01.472+0000 INFO  [o.n.k.i.DiagnosticsManager]             segments_1: 2016-11-08T21:11:21+0900 - 71.00 B
2016-11-08 14:22:01.472+0000 INFO  [o.n.k.i.DiagnosticsManager]             write.lock: 2016-11-08T21:11:16+0900 - 0.00 B
2016-11-08 14:22:01.472+0000 INFO  [o.n.k.i.DiagnosticsManager]           - Total: 2016-11-08T21:11:21+0900 - 71.00 B
2016-11-08 14:22:01.472+0000 INFO  [o.n.k.i.DiagnosticsManager]           failure-message: 2016-11-08T21:11:16+0900 - 16.00 kB
2016-11-08 14:22:01.473+0000 INFO  [o.n.k.i.DiagnosticsManager]         - Total: 2016-11-08T21:11:16+0900 - 16.07 kB
2016-11-08 14:22:01.473+0000 INFO  [o.n.k.i.DiagnosticsManager]       - Total: 2016-11-08T21:11:16+0900 - 16.07 kB
2016-11-08 14:22:01.473+0000 INFO  [o.n.k.i.DiagnosticsManager]     - Total: 2016-11-08T21:11:16+0900 - 16.07 kB
2016-11-08 14:22:01.473+0000 INFO  [o.n.k.i.DiagnosticsManager]   - Total: 2016-11-08T21:11:16+0900 - 16.07 kB
2016-11-08 14:22:01.474+0000 INFO  [o.n.k.i.DiagnosticsManager]   store_lock: 2016-11-08T21:11:16+0900 - 0.00 B
2016-11-08 14:22:01.474+0000 INFO  [o.n.k.i.DiagnosticsManager] --- STARTED diagnostics for KernelDiagnostics:StoreFiles END ---
2016-11-08 14:22:07.689+0000 INFO  [o.n.k.i.DiagnosticsManager] --- SERVER STARTED START ---
2016-11-08 14:22:10.935+0000 INFO  [o.n.k.i.DiagnosticsManager] --- SERVER STARTED END ---
2016-11-08 14:25:05.622+0000 INFO  [o.n.k.i.a.i.IndexPopulationJob] Index population started: [:User(uuid) [provider: {key=lucene, version=1.0}]]
2016-11-08 14:25:05.665+0000 INFO  [o.n.k.i.a.i.IndexPopulationJob] Completed node store scan. Flushing all pending updates.
BatchingMultipleIndexPopulator{activeTasks=0, executor=java.util.concurrent.ThreadPoolExecutor@337c7aaa[Running, pool size = 0, active threads = 0, queued tasks = 0, completed tasks = 0], batchedUpdates = [], queuedUpdates = 0}
2016-11-08 14:25:05.665+0000 INFO  [o.n.k.i.a.i.IndexPopulationJob] Shutting down executor.
BatchingMultipleIndexPopulator{activeTasks=0, executor=java.util.concurrent.ThreadPoolExecutor@337c7aaa[Running, pool size = 0, active threads = 0, queued tasks = 0, completed tasks = 0], batchedUpdates = [], queuedUpdates = 0}
2016-11-08 14:25:05.697+0000 INFO  [o.n.k.i.a.i.IndexPopulationJob] Index population completed. Index is now online: [:User(uuid) [provider: {key=lucene, version=1.0}]]
2016-11-08 14:25:05.697+0000 INFO  [o.n.k.i.a.KernelSchemaStateStore] Schema state store has been cleared.
2016-11-08 14:25:05.779+0000 INFO  [o.n.k.i.a.KernelSchemaStateStore] Schema state store has been cleared.
2016-11-08 14:25:05.826+0000 INFO  [o.n.k.i.a.i.IndexPopulationJob] Index population started: [:User(facebook_token) [provider: {key=lucene, version=1.0}]]
2016-11-08 14:25:05.834+0000 INFO  [o.n.k.i.a.i.IndexPopulationJob] Completed node store scan. Flushing all pending updates.
BatchingMultipleIndexPopulator{activeTasks=0, executor=java.util.concurrent.ThreadPoolExecutor@2817490[Running, pool size = 0, active threads = 0, queued tasks = 0, completed tasks = 0], batchedUpdates = [], queuedUpdates = 0}
2016-11-08 14:25:05.834+0000 INFO  [o.n.k.i.a.i.IndexPopulationJob] Shutting down executor.
BatchingMultipleIndexPopulator{activeTasks=0, executor=java.util.concurrent.ThreadPoolExecutor@2817490[Running, pool size = 0, active threads = 0, queued tasks = 0, completed tasks = 0], batchedUpdates = [], queuedUpdates = 0}
2016-11-08 14:25:05.841+0000 INFO  [o.n.k.i.a.i.IndexPopulationJob] Index population completed. Index is now online: [:User(facebook_token) [provider: {key=lucene, version=1.0}]]
2016-11-08 14:25:05.841+0000 INFO  [o.n.k.i.a.KernelSchemaStateStore] Schema state store has been cleared.
2016-11-08 14:25:05.856+0000 INFO  [o.n.k.i.a.i.IndexPopulationJob] Index population started: [:User(email) [provider: {key=lucene, version=1.0}]]
2016-11-08 14:25:05.861+0000 INFO  [o.n.k.i.a.i.IndexPopulationJob] Completed node store scan. Flushing all pending updates.
BatchingMultipleIndexPopulator{activeTasks=0, executor=java.util.concurrent.ThreadPoolExecutor@2ef7229a[Running, pool size = 0, active threads = 0, queued tasks = 0, completed tasks = 0], batchedUpdates = [], queuedUpdates = 0}
2016-11-08 14:25:05.861+0000 INFO  [o.n.k.i.a.i.IndexPopulationJob] Shutting down executor.
BatchingMultipleIndexPopulator{activeTasks=0, executor=java.util.concurrent.ThreadPoolExecutor@2ef7229a[Running, pool size = 0, active threads = 0, queued tasks = 0, completed tasks = 0], batchedUpdates = [], queuedUpdates = 0}
2016-11-08 14:25:05.866+0000 INFO  [o.n.k.i.a.i.IndexPopulationJob] Index population completed. Index is now online: [:User(email) [provider: {key=lucene, version=1.0}]]
2016-11-08 14:25:05.866+0000 INFO  [o.n.k.i.a.KernelSchemaStateStore] Schema state store has been cleared.
2016-11-08 14:25:05.885+0000 INFO  [o.n.k.i.a.i.IndexPopulationJob] Index population started: [:User(remember_token) [provider: {key=lucene, version=1.0}]]
2016-11-08 14:25:05.889+0000 INFO  [o.n.k.i.a.i.IndexPopulationJob] Completed node store scan. Flushing all pending updates.
BatchingMultipleIndexPopulator{activeTasks=0, executor=java.util.concurrent.ThreadPoolExecutor@258f11ba[Running, pool size = 0, active threads = 0, queued tasks = 0, completed tasks = 0], batchedUpdates = [], queuedUpdates = 0}
2016-11-08 14:25:05.889+0000 INFO  [o.n.k.i.a.i.IndexPopulationJob] Shutting down executor.
BatchingMultipleIndexPopulator{activeTasks=0, executor=java.util.concurrent.ThreadPoolExecutor@258f11ba[Running, pool size = 0, active threads = 0, queued tasks = 0, completed tasks = 0], batchedUpdates = [], queuedUpdates = 0}
2016-11-08 14:25:05.896+0000 INFO  [o.n.k.i.a.i.IndexPopulationJob] Index population completed. Index is now online: [:User(remember_token) [provider: {key=lucene, version=1.0}]]
2016-11-08 14:25:05.896+0000 INFO  [o.n.k.i.a.KernelSchemaStateStore] Schema state store has been cleared.
2016-11-08 14:25:05.912+0000 INFO  [o.n.k.i.a.i.IndexPopulationJob] Index population started: [:User(reset_password_token) [provider: {key=lucene, version=1.0}]]
2016-11-08 14:25:05.917+0000 INFO  [o.n.k.i.a.i.IndexPopulationJob] Completed node store scan. Flushing all pending updates.
BatchingMultipleIndexPopulator{activeTasks=0, executor=java.util.concurrent.ThreadPoolExecutor@21f0a907[Running, pool size = 0, active threads = 0, queued tasks = 0, completed tasks = 0], batchedUpdates = [], queuedUpdates = 0}
2016-11-08 14:25:05.917+0000 INFO  [o.n.k.i.a.i.IndexPopulationJob] Shutting down executor.
BatchingMultipleIndexPopulator{activeTasks=0, executor=java.util.concurrent.ThreadPoolExecutor@21f0a907[Running, pool size = 0, active threads = 0, queued tasks = 0, completed tasks = 0], batchedUpdates = [], queuedUpdates = 0}
2016-11-08 14:25:05.922+0000 INFO  [o.n.k.i.a.i.IndexPopulationJob] Index population completed. Index is now online: [:User(reset_password_token) [provider: {key=lucene, version=1.0}]]
2016-11-08 14:25:05.923+0000 INFO  [o.n.k.i.a.KernelSchemaStateStore] Schema state store has been cleared.
2016-11-08 14:25:06.089+0000 INFO  [o.n.k.i.a.i.IndexPopulationJob] Index population started: [:SkillTag(uuid) [provider: {key=lucene, version=1.0}]]
2016-11-08 14:25:06.094+0000 INFO  [o.n.k.i.a.i.IndexPopulationJob] Completed node store scan. Flushing all pending updates.
BatchingMultipleIndexPopulator{activeTasks=0, executor=java.util.concurrent.ThreadPoolExecutor@1005775f[Running, pool size = 0, active threads = 0, queued tasks = 0, completed tasks = 0], batchedUpdates = [], queuedUpdates = 0}
2016-11-08 14:25:06.095+0000 INFO  [o.n.k.i.a.i.IndexPopulationJob] Shutting down executor.
BatchingMultipleIndexPopulator{activeTasks=0, executor=java.util.concurrent.ThreadPoolExecutor@1005775f[Running, pool size = 0, active threads = 0, queued tasks = 0, completed tasks = 0], batchedUpdates = [], queuedUpdates = 0}
2016-11-08 14:25:06.100+0000 INFO  [o.n.k.i.a.i.IndexPopulationJob] Index population completed. Index is now online: [:SkillTag(uuid) [provider: {key=lucene, version=1.0}]]
2016-11-08 14:25:06.100+0000 INFO  [o.n.k.i.a.KernelSchemaStateStore] Schema state store has been cleared.
2016-11-08 14:25:06.103+0000 INFO  [o.n.k.i.a.KernelSchemaStateStore] Schema state store has been cleared.
2016-11-08 14:25:09.627+0000 INFO  [o.n.k.i.a.i.s.OnlineIndexSamplingJob] Sampled index :User(uuid) with 6 unique values in sample of avg size 6 taken from index containing 6 entries
2016-11-08 14:25:19.626+0000 INFO  [o.n.k.i.a.i.s.OnlineIndexSamplingJob] Sampled index :User(email) with 60 unique values in sample of avg size 60 taken from index containing 60 entries
2016-11-08 14:25:29.623+0000 INFO  [o.n.k.i.a.i.s.OnlineIndexSamplingJob] Sampled index :SkillTag(uuid) with 24 unique values in sample of avg size 24 taken from index containing 24 entries
2016-11-08 14:25:39.623+0000 INFO  [o.n.k.i.a.i.s.OnlineIndexSamplingJob] Sampled index :User(uuid) with 176 unique values in sample of avg size 176 taken from index containing 176 entries
2016-11-08 14:25:49.628+0000 INFO  [o.n.k.i.a.i.s.OnlineIndexSamplingJob] Sampled index :User(email) with 200 unique values in sample of avg size 200 taken from index containing 200 entries
2016-11-08 14:25:59.622+0000 INFO  [o.n.k.i.a.i.s.OnlineIndexSamplingJob] Sampled index :User(uuid) with 200 unique values in sample of avg size 200 taken from index containing 200 entries
2016-11-08 14:26:59.678+0000 INFO  [o.n.k.i.t.l.c.CheckPointerImpl] Check Pointing triggered by scheduler for time threshold [246]:  Starting check pointing...
2016-11-08 14:26:59.678+0000 INFO  [o.n.k.i.t.l.c.CheckPointerImpl] Check Pointing triggered by scheduler for time threshold [246]:  Starting store flush...
2016-11-08 14:26:59.736+0000 INFO  [o.n.k.i.s.c.CountsTracker] About to rotate counts store at transaction 1107 to [/Users/shun/RailsProjects/skill_test/db/neo4j/development/data/databases/graph.db/neostore.counts.db.b], from [/Users/shun/RailsProjects/skill_test/db/neo4j/development/data/databases/graph.db/neostore.counts.db.a].
2016-11-08 14:26:59.741+0000 INFO  [o.n.k.i.s.c.CountsTracker] Successfully rotated counts store at transaction 1107 to [/Users/shun/RailsProjects/skill_test/db/neo4j/development/data/databases/graph.db/neostore.counts.db.b], from [/Users/shun/RailsProjects/skill_test/db/neo4j/development/data/databases/graph.db/neostore.counts.db.a].
2016-11-08 14:26:59.759+0000 INFO  [o.n.k.i.t.l.c.CheckPointerImpl] Check Pointing triggered by scheduler for time threshold [246]:  Store flush completed
2016-11-08 14:26:59.759+0000 INFO  [o.n.k.i.t.l.c.CheckPointerImpl] Check Pointing triggered by scheduler for time threshold [246]:  Starting appending check point entry into the tx log...
2016-11-08 14:26:59.759+0000 INFO  [o.n.k.i.t.l.c.CheckPointerImpl] Check Pointing triggered by scheduler for time threshold [246]:  Appending check point entry into the tx log completed
2016-11-08 14:26:59.760+0000 INFO  [o.n.k.i.t.l.c.CheckPointerImpl] Check Pointing triggered by scheduler for time threshold [246]:  Check pointing completed
2016-11-08 14:26:59.760+0000 INFO  [o.n.k.i.t.l.p.LogPruningImpl] Log Rotation [0]:  Starting log pruning.
2016-11-08 14:26:59.760+0000 INFO  [o.n.k.i.t.l.p.LogPruningImpl] Log Rotation [0]:  Log pruning complete.
